# Logfile created on 2023-02-25 13:45:17 +0200 by logger.rb/v1.5.3
I date=[2023-02-25 13:45:28] pid=#28461 message='BEFORE ; user_id = 2 ; from_state = deals_menu ; text = Назад'
I date=[2023-02-25 13:45:28] pid=#28461 message='AFTER  ; user_id = 2 ; new_state  = start'
I date=[2023-02-25 13:45:29] pid=#28461 message='BEFORE ; user_id = 2 ; from_state = start ; text = 🔎Найти пользователя🔎'
I date=[2023-02-25 13:45:30] pid=#28461 message='AFTER  ; user_id = 2 ; new_state  = await_userTo_data'
I date=[2023-02-25 13:45:34] pid=#28461 message='BEFORE ; user_id = 2 ; from_state = await_userTo_data ; '
I date=[2023-02-25 13:45:36] pid=#28461 message='AFTER  ; user_id = 2 ; new_state  = userTo'
I date=[2023-02-25 13:45:37] pid=#28461 message='BEFORE ; user_id = 2 ; from_state = userTo ; data = Offer_deal/3'
I date=[2023-02-25 13:45:40] pid=#28461 message='AFTER  ; user_id = 2 ; new_state  = userTo'
I date=[2023-02-25 13:45:40] pid=#28461 message='BEFORE ; user_id = 2 ; from_state = userTo ; data = I`m seller/3'
I date=[2023-02-25 13:45:41] pid=#28461 message='AFTER  ; user_id = 2 ; new_state  = userTo'
I date=[2023-02-25 13:45:42] pid=#28461 message='BEFORE ; user_id = 2 ; from_state = userTo ; data = Criptocurrencies/3'
I date=[2023-02-25 13:45:43] pid=#28461 message='AFTER  ; user_id = 2 ; new_state  = userTo'
I date=[2023-02-25 13:45:45] pid=#28461 message='BEFORE ; user_id = 2 ; from_state = userTo ; data = Currency/BTC/3'
I date=[2023-02-25 13:45:57] pid=#28461 message='AFTER  ; user_id = 2 ; new_state  = currency_amount'
I date=[2023-02-25 13:45:58] pid=#28461 message='BEFORE ; user_id = 2 ; from_state = currency_amount ; text = 123'
I date=[2023-02-25 13:45:59] pid=#28461 message='AFTER  ; user_id = 2 ; new_state  = conditions'
I date=[2023-02-25 13:45:59] pid=#28461 message='BEFORE ; user_id = 2 ; from_state = conditions ; text = asdfasdf'
I date=[2023-02-25 13:45:59] pid=#28461 message='AFTER  ; user_id = 2 ; new_state  = confirmation_new_deal'
I date=[2023-02-25 13:46:01] pid=#28461 message='BEFORE ; user_id = 2 ; from_state = confirmation_new_deal ; data = Confirming_new_deal/3'
I date=[2023-02-25 13:46:04] pid=#28461 message='AFTER  ; user_id = 2 ; new_state  = start'
I date=[2023-02-25 13:46:13] pid=#28461 message='BEFORE ; user_id = 2 ; from_state = start ; text = 🤝Сделки🤝'
I date=[2023-02-25 13:46:14] pid=#28461 message='AFTER  ; user_id = 2 ; new_state  = deals_menu'
I date=[2023-02-25 13:46:15] pid=#28461 message='BEFORE ; user_id = 2 ; from_state = deals_menu ; text = Активные'
I date=[2023-02-25 13:46:17] pid=#28461 message='AFTER  ; user_id = 2 ; new_state  = deals_menu'
I date=[2023-02-25 13:46:18] pid=#28461 message='BEFORE ; user_id = 2 ; from_state = deals_menu ; data = Open_disput/5'
I date=[2023-02-25 13:46:19] pid=#28461 message='AFTER  ; user_id = 2 ; new_state  = await_disput_text'
I date=[2023-02-25 13:46:22] pid=#28461 message='BEFORE ; user_id = 2 ; from_state = await_disput_text ; text = gsdfgfdsdfsgsdf'
I date=[2023-02-25 13:46:23] pid=#28461 message='AFTER  ; user_id = 2 ; new_state  = deals_menu'
I date=[2023-02-25 13:48:38] pid=#28919 message='BEFORE ; user_id = 2 ; from_state = deals_menu ; text = Активные'
I date=[2023-02-25 13:48:40] pid=#28919 message='AFTER  ; user_id = 2 ; new_state  = deals_menu'
I date=[2023-02-25 13:48:41] pid=#28919 message='BEFORE ; user_id = 2 ; from_state = deals_menu ; text = Назад'
I date=[2023-02-25 13:48:42] pid=#28919 message='AFTER  ; user_id = 2 ; new_state  = start'
I date=[2023-02-25 13:48:43] pid=#28919 message='BEFORE ; user_id = 2 ; from_state = start ; text = 🔎Найти пользователя🔎'
I date=[2023-02-25 13:48:43] pid=#28919 message='AFTER  ; user_id = 2 ; new_state  = await_userTo_data'
I date=[2023-02-25 13:48:48] pid=#28919 message='BEFORE ; user_id = 2 ; from_state = await_userTo_data ; '
I date=[2023-02-25 13:48:50] pid=#28919 message='AFTER  ; user_id = 2 ; new_state  = userTo'
I date=[2023-02-25 13:48:50] pid=#28919 message='BEFORE ; user_id = 2 ; from_state = start ; text = 🔎Найти пользователя🔎'
I date=[2023-02-25 13:48:51] pid=#28919 message='AFTER  ; user_id = 2 ; new_state  = await_userTo_data'
I date=[2023-02-25 13:48:57] pid=#28919 message='BEFORE ; user_id = 2 ; from_state = await_userTo_data ; '
I date=[2023-02-25 13:48:58] pid=#28919 message='AFTER  ; user_id = 2 ; new_state  = userTo'
I date=[2023-02-25 13:48:59] pid=#28919 message='BEFORE ; user_id = 2 ; from_state = userTo ; data = Offer_deal/3'
I date=[2023-02-25 13:49:00] pid=#28919 message='AFTER  ; user_id = 2 ; new_state  = userTo'
I date=[2023-02-25 13:49:01] pid=#28919 message='BEFORE ; user_id = 2 ; from_state = userTo ; data = I`m seller/3'
I date=[2023-02-25 13:49:02] pid=#28919 message='AFTER  ; user_id = 2 ; new_state  = userTo'
I date=[2023-02-25 13:49:03] pid=#28919 message='BEFORE ; user_id = 2 ; from_state = userTo ; data = Criptocurrencies/3'
I date=[2023-02-25 13:49:03] pid=#28919 message='AFTER  ; user_id = 2 ; new_state  = userTo'
I date=[2023-02-25 13:49:04] pid=#28919 message='BEFORE ; user_id = 2 ; from_state = userTo ; data = Currency/BTC/3'
I date=[2023-02-25 13:49:05] pid=#28919 message='AFTER  ; user_id = 2 ; new_state  = currency_amount'
I date=[2023-02-25 13:49:07] pid=#28919 message='BEFORE ; user_id = 2 ; from_state = currency_amount ; text = 123'
I date=[2023-02-25 13:49:08] pid=#28919 message='AFTER  ; user_id = 2 ; new_state  = conditions'
I date=[2023-02-25 13:49:08] pid=#28919 message='BEFORE ; user_id = 2 ; from_state = conditions ; text = dfsgdsfg'
I date=[2023-02-25 13:49:09] pid=#28919 message='AFTER  ; user_id = 2 ; new_state  = confirmation_new_deal'
I date=[2023-02-25 13:49:11] pid=#28919 message='BEFORE ; user_id = 2 ; from_state = confirmation_new_deal ; data = Confirming_new_deal/3'
I date=[2023-02-25 13:49:13] pid=#28919 message='AFTER  ; user_id = 2 ; new_state  = start'
I date=[2023-02-25 13:49:19] pid=#28919 message='BEFORE ; user_id = 2 ; from_state = start ; text = 🤝Сделки🤝'
I date=[2023-02-25 13:49:19] pid=#28919 message='AFTER  ; user_id = 2 ; new_state  = deals_menu'
I date=[2023-02-25 13:49:20] pid=#28919 message='BEFORE ; user_id = 2 ; from_state = deals_menu ; text = Активные'
I date=[2023-02-25 13:49:25] pid=#28919 message='AFTER  ; user_id = 2 ; new_state  = deals_menu'
I date=[2023-02-25 13:49:26] pid=#28919 message='BEFORE ; user_id = 2 ; from_state = deals_menu ; data = Open_disput/6'
I date=[2023-02-25 13:49:27] pid=#28919 message='AFTER  ; user_id = 2 ; new_state  = await_disput_text'
I date=[2023-02-25 13:49:29] pid=#28919 message='BEFORE ; user_id = 2 ; from_state = await_disput_text ; text = dfgsdfg'
I date=[2023-02-25 13:49:31] pid=#28919 message='AFTER  ; user_id = 2 ; new_state  = deals_menu'
I date=[2023-02-25 13:51:04] pid=#29318 message='BEFORE ; user_id = 2 ; from_state = deals_menu ; text = Назад'
I date=[2023-02-25 13:51:05] pid=#29318 message='AFTER  ; user_id = 2 ; new_state  = start'
I date=[2023-02-25 13:51:07] pid=#29318 message='BEFORE ; user_id = 2 ; from_state = start ; text = 🔎Найти пользователя🔎'
I date=[2023-02-25 13:51:07] pid=#29318 message='AFTER  ; user_id = 2 ; new_state  = await_userTo_data'
I date=[2023-02-25 13:51:12] pid=#29318 message='BEFORE ; user_id = 2 ; from_state = await_userTo_data ; '
I date=[2023-02-25 13:51:14] pid=#29318 message='AFTER  ; user_id = 2 ; new_state  = userTo'
I date=[2023-02-25 13:51:15] pid=#29318 message='BEFORE ; user_id = 2 ; from_state = userTo ; data = Offer_deal/3'
I date=[2023-02-25 13:51:16] pid=#29318 message='AFTER  ; user_id = 2 ; new_state  = userTo'
I date=[2023-02-25 13:51:17] pid=#29318 message='BEFORE ; user_id = 2 ; from_state = userTo ; data = I`m seller/3'
I date=[2023-02-25 13:51:17] pid=#29318 message='AFTER  ; user_id = 2 ; new_state  = userTo'
I date=[2023-02-25 13:51:19] pid=#29318 message='BEFORE ; user_id = 2 ; from_state = userTo ; data = Criptocurrencies/3'
I date=[2023-02-25 13:51:19] pid=#29318 message='AFTER  ; user_id = 2 ; new_state  = userTo'
I date=[2023-02-25 13:51:21] pid=#29318 message='BEFORE ; user_id = 2 ; from_state = userTo ; data = Currency/BTC/3'
I date=[2023-02-25 13:51:21] pid=#29318 message='AFTER  ; user_id = 2 ; new_state  = currency_amount'
I date=[2023-02-25 13:51:23] pid=#29318 message='BEFORE ; user_id = 2 ; from_state = currency_amount ; text = 123'
I date=[2023-02-25 13:51:24] pid=#29318 message='AFTER  ; user_id = 2 ; new_state  = conditions'
I date=[2023-02-25 13:51:24] pid=#29318 message='BEFORE ; user_id = 2 ; from_state = conditions ; text = dsfgfds'
I date=[2023-02-25 13:51:25] pid=#29318 message='AFTER  ; user_id = 2 ; new_state  = confirmation_new_deal'
I date=[2023-02-25 13:51:26] pid=#29318 message='BEFORE ; user_id = 2 ; from_state = confirmation_new_deal ; data = Confirming_new_deal/3'
I date=[2023-02-25 13:51:28] pid=#29318 message='AFTER  ; user_id = 2 ; new_state  = start'
I date=[2023-02-25 14:02:46] pid=#30218 message='BEFORE ; user_id = 2 ; from_state = start ; text = 🤝Сделки🤝'
I date=[2023-02-25 14:02:47] pid=#30218 message='AFTER  ; user_id = 2 ; new_state  = deals_menu'
I date=[2023-02-25 14:02:52] pid=#30218 message='BEFORE ; user_id = 2 ; from_state = deals_menu ; text = Назад'
I date=[2023-02-25 14:02:54] pid=#30218 message='AFTER  ; user_id = 2 ; new_state  = start'
I date=[2023-02-25 14:03:38] pid=#30527 message='BEFORE ; user_id = 2 ; from_state = start ; text = 🔎Найти пользователя🔎'
I date=[2023-02-25 14:03:39] pid=#30527 message='AFTER  ; user_id = 2 ; new_state  = await_userTo_data'
I date=[2023-02-25 14:03:40] pid=#30527 message='BEFORE ; user_id = 2 ; from_state = await_userTo_data ; text = Отмена'
I date=[2023-02-25 14:03:41] pid=#30527 message='AFTER  ; user_id = 2 ; new_state  = start'
I date=[2023-02-25 14:05:35] pid=#30934 message='BEFORE ; user_id = 2 ; from_state = start ; text = 🤝Сделки🤝'
I date=[2023-02-25 14:05:36] pid=#30934 message='AFTER  ; user_id = 2 ; new_state  = deals_menu'
I date=[2023-02-25 14:09:17] pid=#31457 message='BEFORE ; user_id = 2 ; from_state = deals_menu ; text = Назад'
I date=[2023-02-25 14:09:18] pid=#31457 message='AFTER  ; user_id = 2 ; new_state  = start'
I date=[2023-02-25 14:09:19] pid=#31457 message='BEFORE ; user_id = 2 ; from_state = start ; text = 🔎Найти пользователя🔎'
I date=[2023-02-25 14:09:19] pid=#31457 message='AFTER  ; user_id = 2 ; new_state  = await_userTo_data'
I date=[2023-02-25 14:09:26] pid=#31457 message='BEFORE ; user_id = 2 ; from_state = await_userTo_data ; '
I date=[2023-02-25 14:09:27] pid=#31457 message='AFTER  ; user_id = 2 ; new_state  = userTo'
I date=[2023-02-25 14:09:29] pid=#31457 message='BEFORE ; user_id = 2 ; from_state = userTo ; data = Offer_deal/3'
I date=[2023-02-25 14:09:30] pid=#31457 message='AFTER  ; user_id = 2 ; new_state  = userTo'
I date=[2023-02-25 14:09:32] pid=#31457 message='BEFORE ; user_id = 2 ; from_state = userTo ; data = I`m seller/3'
I date=[2023-02-25 14:09:32] pid=#31457 message='AFTER  ; user_id = 2 ; new_state  = userTo'
I date=[2023-02-25 14:09:33] pid=#31457 message='BEFORE ; user_id = 2 ; from_state = userTo ; data = Criptocurrencies/3'
I date=[2023-02-25 14:09:34] pid=#31457 message='AFTER  ; user_id = 2 ; new_state  = userTo'
I date=[2023-02-25 14:09:35] pid=#31457 message='BEFORE ; user_id = 2 ; from_state = userTo ; data = Currency/BTC/3'
I date=[2023-02-25 14:09:36] pid=#31457 message='AFTER  ; user_id = 2 ; new_state  = currency_amount'
I date=[2023-02-25 14:09:37] pid=#31457 message='BEFORE ; user_id = 2 ; from_state = currency_amount ; text = 312'
I date=[2023-02-25 14:09:38] pid=#31457 message='AFTER  ; user_id = 2 ; new_state  = conditions'
I date=[2023-02-25 14:09:38] pid=#31457 message='BEFORE ; user_id = 2 ; from_state = conditions ; text = dfgs'
I date=[2023-02-25 14:09:39] pid=#31457 message='AFTER  ; user_id = 2 ; new_state  = confirmation_new_deal'
I date=[2023-02-25 14:09:41] pid=#31457 message='BEFORE ; user_id = 2 ; from_state = confirmation_new_deal ; data = Confirming_new_deal/3'
I date=[2023-02-25 14:09:42] pid=#31457 message='AFTER  ; user_id = 2 ; new_state  = start'
I date=[2023-02-25 14:09:43] pid=#31457 message='BEFORE ; user_id = 2 ; from_state = start ; data = Confirming_new_deal/3'
I date=[2023-02-25 14:09:43] pid=#31457 message='BEFORE ; user_id = 2 ; from_state = start ; data = Currency/BTC/3'
I date=[2023-02-25 14:09:47] pid=#31457 message='BEFORE ; user_id = 2 ; from_state = start ; text = 🤝Сделки🤝'
I date=[2023-02-25 14:09:47] pid=#31457 message='AFTER  ; user_id = 2 ; new_state  = deals_menu'
I date=[2023-02-25 14:09:48] pid=#31457 message='BEFORE ; user_id = 2 ; from_state = deals_menu ; text = Активные'
I date=[2023-02-25 14:09:52] pid=#31457 message='AFTER  ; user_id = 2 ; new_state  = deals_menu'
I date=[2023-02-25 14:09:54] pid=#31457 message='BEFORE ; user_id = 2 ; from_state = deals_menu ; data = Open_disput/8'
I date=[2023-02-25 14:09:54] pid=#31457 message='AFTER  ; user_id = 2 ; new_state  = await_disput_text'
I date=[2023-02-25 14:09:59] pid=#31457 message='BEFORE ; user_id = 2 ; from_state = await_disput_text ; text = dfgsdfgsfdgsfdgsfdgs'
I date=[2023-02-25 14:10:01] pid=#31457 message='AFTER  ; user_id = 2 ; new_state  = deals_menu'
I date=[2023-02-25 14:10:50] pid=#31785 message='BEFORE ; user_id = 2 ; from_state = deals_menu ; text = Активные'
I date=[2023-02-25 14:10:54] pid=#31785 message='AFTER  ; user_id = 2 ; new_state  = deals_menu'
I date=[2023-02-25 14:10:56] pid=#31785 message='BEFORE ; user_id = 2 ; from_state = deals_menu ; data = Open_disput/7'
I date=[2023-02-25 14:10:57] pid=#31785 message='AFTER  ; user_id = 2 ; new_state  = await_disput_text'
I date=[2023-02-25 14:10:59] pid=#31785 message='BEFORE ; user_id = 2 ; from_state = await_disput_text ; text = 543223543254'
I date=[2023-02-25 14:11:00] pid=#31785 message='AFTER  ; user_id = 2 ; new_state  = deals_menu'
I date=[2023-02-25 14:11:16] pid=#31915 message='BEFORE ; user_id = 2 ; from_state = deals_menu ; text = Назад'
I date=[2023-02-25 14:11:17] pid=#31915 message='AFTER  ; user_id = 2 ; new_state  = start'
I date=[2023-02-25 14:12:44] pid=#31915 message='BEFORE ; user_id = 2 ; from_state = start ; text = 🔎Найти пользователя🔎'
I date=[2023-02-25 14:12:45] pid=#31915 message='AFTER  ; user_id = 2 ; new_state  = await_userTo_data'
I date=[2023-02-25 14:12:50] pid=#31915 message='BEFORE ; user_id = 2 ; from_state = await_userTo_data ; '
I date=[2023-02-25 14:12:51] pid=#31915 message='AFTER  ; user_id = 2 ; new_state  = userTo'
I date=[2023-02-25 14:12:53] pid=#31915 message='BEFORE ; user_id = 2 ; from_state = userTo ; data = Offer_deal/3'
I date=[2023-02-25 14:12:54] pid=#31915 message='AFTER  ; user_id = 2 ; new_state  = userTo'
I date=[2023-02-25 14:12:55] pid=#31915 message='BEFORE ; user_id = 2 ; from_state = userTo ; data = I`m custumer/3'
I date=[2023-02-25 14:12:56] pid=#31915 message='AFTER  ; user_id = 2 ; new_state  = userTo'
I date=[2023-02-25 14:12:58] pid=#31915 message='BEFORE ; user_id = 2 ; from_state = userTo ; data = Criptocurrencies/3'
I date=[2023-02-25 14:12:58] pid=#31915 message='AFTER  ; user_id = 2 ; new_state  = userTo'
I date=[2023-02-25 14:13:00] pid=#31915 message='BEFORE ; user_id = 2 ; from_state = userTo ; data = Currency/ETH/3'
I date=[2023-02-25 14:13:00] pid=#31915 message='AFTER  ; user_id = 2 ; new_state  = currency_amount'
I date=[2023-02-25 14:13:01] pid=#31915 message='BEFORE ; user_id = 2 ; from_state = currency_amount ; text = 321123'
I date=[2023-02-25 14:13:02] pid=#31915 message='AFTER  ; user_id = 2 ; new_state  = conditions'
I date=[2023-02-25 14:13:03] pid=#31915 message='BEFORE ; user_id = 2 ; from_state = conditions ; text = sadfasdf'
I date=[2023-02-25 14:13:03] pid=#31915 message='AFTER  ; user_id = 2 ; new_state  = confirmation_new_deal'
I date=[2023-02-25 14:13:05] pid=#31915 message='BEFORE ; user_id = 2 ; from_state = confirmation_new_deal ; data = Confirming_new_deal/3'
I date=[2023-02-25 14:13:06] pid=#31915 message='AFTER  ; user_id = 2 ; new_state  = start'
I date=[2023-02-25 14:14:35] pid=#31915 message='BEFORE ; user_id = 2 ; from_state = start ; text = 🤝Сделки🤝'
I date=[2023-02-25 14:14:36] pid=#31915 message='AFTER  ; user_id = 2 ; new_state  = deals_menu'
I date=[2023-02-25 14:14:38] pid=#31915 message='BEFORE ; user_id = 2 ; from_state = deals_menu ; text = Активные'
I date=[2023-02-25 14:14:45] pid=#31915 message='AFTER  ; user_id = 2 ; new_state  = deals_menu'
I date=[2023-02-25 14:14:58] pid=#31915 message='BEFORE ; user_id = 2 ; from_state = deals_menu ; data = Open_disput/9'
I date=[2023-02-25 14:14:59] pid=#31915 message='AFTER  ; user_id = 2 ; new_state  = await_disput_text'
I date=[2023-02-25 14:15:01] pid=#31915 message='BEFORE ; user_id = 2 ; from_state = await_disput_text ; text = 5254325324'
I date=[2023-02-25 14:15:02] pid=#31915 message='AFTER  ; user_id = 2 ; new_state  = deals_menu'
I date=[2023-02-25 15:05:52] pid=#6560 message='BEFORE ; user_id = 2 ; from_state = deals_menu ; text = Активные'
I date=[2023-02-25 15:06:00] pid=#6560 message='AFTER  ; user_id = 2 ; new_state  = deals_menu'
I date=[2023-02-25 15:06:37] pid=#6560 message='BEFORE ; user_id = 4 ; from_state = language ; text = Назад'
I date=[2023-02-25 15:06:37] pid=#6560 message='AFTER  ; user_id = 4 ; new_state  = language'
I date=[2023-02-25 15:06:39] pid=#6560 message='BEFORE ; user_id = 4 ; from_state = language ; data = Русский/Выбранный язык'
I date=[2023-02-25 15:06:40] pid=#6560 message='AFTER  ; user_id = 4 ; new_state  = start'
I date=[2023-02-25 15:06:44] pid=#6560 message='BEFORE ; user_id = 5 ; from_state = language ; text = Назад'
I date=[2023-02-25 15:06:44] pid=#6560 message='AFTER  ; user_id = 5 ; new_state  = language'
I date=[2023-02-25 15:06:45] pid=#6560 message='BEFORE ; user_id = 5 ; from_state = language ; data = Русский/Выбранный язык'
I date=[2023-02-25 15:06:46] pid=#6560 message='AFTER  ; user_id = 5 ; new_state  = start'
I date=[2023-02-25 15:06:54] pid=#6560 message='BEFORE ; user_id = 4 ; from_state = start ; text = 🔎Найти пользователя🔎'
I date=[2023-02-25 15:06:54] pid=#6560 message='AFTER  ; user_id = 4 ; new_state  = await_userTo_data'
I date=[2023-02-25 15:07:00] pid=#6560 message='BEFORE ; user_id = 4 ; from_state = await_userTo_data ; '
I date=[2023-02-25 15:07:01] pid=#6560 message='AFTER  ; user_id = 4 ; new_state  = userTo'
I date=[2023-02-25 15:07:02] pid=#6560 message='BEFORE ; user_id = 4 ; from_state = userTo ; data = Offer_deal/5'
I date=[2023-02-25 15:07:03] pid=#6560 message='AFTER  ; user_id = 4 ; new_state  = userTo'
I date=[2023-02-25 15:07:04] pid=#6560 message='BEFORE ; user_id = 4 ; from_state = userTo ; data = I`m seller/5'
I date=[2023-02-25 15:07:05] pid=#6560 message='AFTER  ; user_id = 4 ; new_state  = userTo'
I date=[2023-02-25 15:07:06] pid=#6560 message='BEFORE ; user_id = 4 ; from_state = userTo ; data = Criptocurrencies/5'
I date=[2023-02-25 15:07:06] pid=#6560 message='AFTER  ; user_id = 4 ; new_state  = userTo'
I date=[2023-02-25 15:07:10] pid=#6560 message='BEFORE ; user_id = 4 ; from_state = userTo ; data = Currency/ETH/5'
I date=[2023-02-25 15:07:11] pid=#6560 message='AFTER  ; user_id = 4 ; new_state  = currency_amount'
I date=[2023-02-25 15:07:12] pid=#6560 message='BEFORE ; user_id = 4 ; from_state = currency_amount ; text = 123'
I date=[2023-02-25 15:07:12] pid=#6560 message='AFTER  ; user_id = 4 ; new_state  = conditions'
I date=[2023-02-25 15:07:14] pid=#6560 message='BEFORE ; user_id = 4 ; from_state = conditions ; text = dfs'
I date=[2023-02-25 15:07:15] pid=#6560 message='AFTER  ; user_id = 4 ; new_state  = confirmation_new_deal'
I date=[2023-02-25 15:07:16] pid=#6560 message='BEFORE ; user_id = 4 ; from_state = confirmation_new_deal ; data = Confirming_new_deal/5'
I date=[2023-02-25 15:07:18] pid=#6560 message='AFTER  ; user_id = 4 ; new_state  = start'
I date=[2023-02-25 15:07:26] pid=#6560 message='BEFORE ; user_id = 4 ; from_state = start ; text = 🤝Сделки🤝'
I date=[2023-02-25 15:07:27] pid=#6560 message='AFTER  ; user_id = 4 ; new_state  = deals_menu'
I date=[2023-02-25 15:07:28] pid=#6560 message='BEFORE ; user_id = 4 ; from_state = deals_menu ; text = Активные'
I date=[2023-02-25 15:07:29] pid=#6560 message='AFTER  ; user_id = 4 ; new_state  = deals_menu'
I date=[2023-02-25 15:07:35] pid=#6560 message='BEFORE ; user_id = 4 ; from_state = deals_menu ; text = Назад'
I date=[2023-02-25 15:07:36] pid=#6560 message='AFTER  ; user_id = 4 ; new_state  = start'
I date=[2023-02-25 15:07:37] pid=#6560 message='BEFORE ; user_id = 4 ; from_state = start ; text = 🤝Сделки🤝'
I date=[2023-02-25 15:07:38] pid=#6560 message='AFTER  ; user_id = 4 ; new_state  = deals_menu'
I date=[2023-02-25 15:07:39] pid=#6560 message='BEFORE ; user_id = 4 ; from_state = deals_menu ; text = Активные'
I date=[2023-02-25 15:07:39] pid=#6560 message='AFTER  ; user_id = 4 ; new_state  = deals_menu'
I date=[2023-02-25 15:08:01] pid=#6560 message='BEFORE ; user_id = 4 ; from_state = deals_menu ; data = Open_disput/10'
I date=[2023-02-25 15:08:02] pid=#6560 message='AFTER  ; user_id = 4 ; new_state  = await_disput_text'
I date=[2023-02-25 15:08:04] pid=#6560 message='BEFORE ; user_id = 4 ; from_state = await_disput_text ; text = 123213'
I date=[2023-02-25 15:08:06] pid=#6560 message='AFTER  ; user_id = 4 ; new_state  = deals_menu'
I date=[2023-02-25 15:09:43] pid=#7238 message='BEFORE ; user_id = 4 ; from_state = deals_menu ; text = Активные'
I date=[2023-02-25 15:09:44] pid=#7238 message='AFTER  ; user_id = 4 ; new_state  = deals_menu'
I date=[2023-02-25 15:09:46] pid=#7238 message='BEFORE ; user_id = 4 ; from_state = deals_menu ; text = Назад'
I date=[2023-02-25 15:09:47] pid=#7238 message='AFTER  ; user_id = 4 ; new_state  = start'
I date=[2023-02-25 15:09:48] pid=#7238 message='BEFORE ; user_id = 4 ; from_state = start ; text = 🔎Найти пользователя🔎'
I date=[2023-02-25 15:09:48] pid=#7238 message='AFTER  ; user_id = 4 ; new_state  = await_userTo_data'
I date=[2023-02-25 15:09:53] pid=#7238 message='BEFORE ; user_id = 4 ; from_state = await_userTo_data ; '
I date=[2023-02-25 15:09:55] pid=#7238 message='AFTER  ; user_id = 4 ; new_state  = userTo'
I date=[2023-02-25 15:09:55] pid=#7238 message='BEFORE ; user_id = 4 ; from_state = start ; text = 🔎Найти пользователя🔎'
I date=[2023-02-25 15:09:56] pid=#7238 message='AFTER  ; user_id = 4 ; new_state  = await_userTo_data'
I date=[2023-02-25 15:09:57] pid=#7238 message='BEFORE ; user_id = 4 ; from_state = start ; text = 🤝Сделки🤝'
I date=[2023-02-25 15:09:58] pid=#7238 message='AFTER  ; user_id = 4 ; new_state  = deals_menu'
I date=[2023-02-25 15:09:59] pid=#7238 message='BEFORE ; user_id = 4 ; from_state = deals_menu ; text = Активные'
I date=[2023-02-25 15:10:00] pid=#7238 message='AFTER  ; user_id = 4 ; new_state  = deals_menu'
I date=[2023-02-25 15:10:05] pid=#7238 message='BEFORE ; user_id = 4 ; from_state = deals_menu ; text = Назад'
I date=[2023-02-25 15:10:06] pid=#7238 message='AFTER  ; user_id = 4 ; new_state  = start'
I date=[2023-02-25 15:10:06] pid=#7238 message='BEFORE ; user_id = 4 ; from_state = start ; text = 🔎Найти пользователя🔎'
I date=[2023-02-25 15:10:07] pid=#7238 message='AFTER  ; user_id = 4 ; new_state  = await_userTo_data'
I date=[2023-02-25 15:10:12] pid=#7238 message='BEFORE ; user_id = 4 ; from_state = await_userTo_data ; '
I date=[2023-02-25 15:10:13] pid=#7238 message='AFTER  ; user_id = 4 ; new_state  = userTo'
I date=[2023-02-25 15:10:14] pid=#7238 message='BEFORE ; user_id = 4 ; from_state = userTo ; data = Offer_deal/5'
I date=[2023-02-25 15:10:15] pid=#7238 message='AFTER  ; user_id = 4 ; new_state  = userTo'
I date=[2023-02-25 15:10:16] pid=#7238 message='BEFORE ; user_id = 4 ; from_state = userTo ; data = I`m seller/5'
I date=[2023-02-25 15:10:16] pid=#7238 message='AFTER  ; user_id = 4 ; new_state  = userTo'
I date=[2023-02-25 15:10:18] pid=#7238 message='BEFORE ; user_id = 4 ; from_state = userTo ; data = Criptocurrencies/5'
I date=[2023-02-25 15:10:18] pid=#7238 message='AFTER  ; user_id = 4 ; new_state  = userTo'
I date=[2023-02-25 15:10:19] pid=#7238 message='BEFORE ; user_id = 4 ; from_state = userTo ; data = Currency/BTC/5'
I date=[2023-02-25 15:10:20] pid=#7238 message='AFTER  ; user_id = 4 ; new_state  = currency_amount'
I date=[2023-02-25 15:10:21] pid=#7238 message='BEFORE ; user_id = 4 ; from_state = currency_amount ; text = 231'
I date=[2023-02-25 15:10:22] pid=#7238 message='AFTER  ; user_id = 4 ; new_state  = conditions'
I date=[2023-02-25 15:10:22] pid=#7238 message='BEFORE ; user_id = 4 ; from_state = conditions ; text = df'
I date=[2023-02-25 15:10:23] pid=#7238 message='AFTER  ; user_id = 4 ; new_state  = confirmation_new_deal'
I date=[2023-02-25 15:10:25] pid=#7238 message='BEFORE ; user_id = 4 ; from_state = confirmation_new_deal ; data = Confirming_new_deal/5'
I date=[2023-02-25 15:10:28] pid=#7238 message='AFTER  ; user_id = 4 ; new_state  = start'
I date=[2023-02-25 15:10:53] pid=#7238 message='BEFORE ; user_id = 4 ; from_state = start ; text = 🤝Сделки🤝'
I date=[2023-02-25 15:10:54] pid=#7238 message='AFTER  ; user_id = 4 ; new_state  = deals_menu'
I date=[2023-02-25 15:10:56] pid=#7238 message='BEFORE ; user_id = 4 ; from_state = deals_menu ; text = Активные'
I date=[2023-02-25 15:10:58] pid=#7238 message='AFTER  ; user_id = 4 ; new_state  = deals_menu'
I date=[2023-02-25 15:10:59] pid=#7238 message='BEFORE ; user_id = 4 ; from_state = deals_menu ; data = Open_disput/11'
I date=[2023-02-25 15:11:00] pid=#7238 message='AFTER  ; user_id = 4 ; new_state  = await_disput_text'
I date=[2023-02-25 15:11:02] pid=#7238 message='BEFORE ; user_id = 4 ; from_state = await_disput_text ; text = 354'
I date=[2023-02-25 15:11:04] pid=#7238 message='AFTER  ; user_id = 4 ; new_state  = deals_menu'
I date=[2023-02-25 15:26:02] pid=#10701 message='BEFORE ; user_id = 4 ; from_state = deals_menu ; text = Назад'
I date=[2023-02-25 15:26:02] pid=#10701 message='AFTER  ; user_id = 4 ; new_state  = start'
I date=[2023-02-25 15:26:04] pid=#10701 message='BEFORE ; user_id = 4 ; from_state = start ; text = 🔎Найти пользователя🔎'
I date=[2023-02-25 15:26:05] pid=#10701 message='AFTER  ; user_id = 4 ; new_state  = await_userTo_data'
I date=[2023-02-25 15:26:22] pid=#10701 message='BEFORE ; user_id = 4 ; from_state = await_userTo_data ; '
I date=[2023-02-25 15:26:24] pid=#10701 message='AFTER  ; user_id = 4 ; new_state  = userTo'
I date=[2023-02-25 15:26:26] pid=#10701 message='BEFORE ; user_id = 4 ; from_state = userTo ; data = Offer_deal/5'
I date=[2023-02-25 15:26:27] pid=#10701 message='AFTER  ; user_id = 4 ; new_state  = userTo'
I date=[2023-02-25 15:26:28] pid=#10701 message='BEFORE ; user_id = 4 ; from_state = userTo ; data = I`m custumer/5'
I date=[2023-02-25 15:26:29] pid=#10701 message='AFTER  ; user_id = 4 ; new_state  = userTo'
I date=[2023-02-25 15:26:30] pid=#10701 message='BEFORE ; user_id = 4 ; from_state = userTo ; data = Criptocurrencies/5'
I date=[2023-02-25 15:26:31] pid=#10701 message='AFTER  ; user_id = 4 ; new_state  = userTo'
I date=[2023-02-25 15:26:32] pid=#10701 message='BEFORE ; user_id = 4 ; from_state = userTo ; data = Currency/BTC/5'
I date=[2023-02-25 15:26:32] pid=#10701 message='AFTER  ; user_id = 4 ; new_state  = currency_amount'
I date=[2023-02-25 15:26:37] pid=#10701 message='BEFORE ; user_id = 4 ; from_state = currency_amount ; text = 123'
I date=[2023-02-25 15:26:38] pid=#10701 message='AFTER  ; user_id = 4 ; new_state  = conditions'
I date=[2023-02-25 15:26:38] pid=#10701 message='BEFORE ; user_id = 4 ; from_state = conditions ; text = dsf'
I date=[2023-02-25 15:26:40] pid=#10701 message='AFTER  ; user_id = 4 ; new_state  = confirmation_new_deal'
I date=[2023-02-25 15:26:41] pid=#10701 message='BEFORE ; user_id = 4 ; from_state = confirmation_new_deal ; data = Confirming_new_deal/5'
I date=[2023-02-25 15:26:43] pid=#10701 message='AFTER  ; user_id = 4 ; new_state  = start'
I date=[2023-02-25 15:26:56] pid=#10701 message='BEFORE ; user_id = 4 ; from_state = start ; text = 🤝Сделки🤝'
I date=[2023-02-25 15:26:57] pid=#10701 message='AFTER  ; user_id = 4 ; new_state  = deals_menu'
I date=[2023-02-25 15:26:59] pid=#10701 message='BEFORE ; user_id = 4 ; from_state = deals_menu ; text = Активные'
I date=[2023-02-25 15:27:02] pid=#10701 message='AFTER  ; user_id = 4 ; new_state  = deals_menu'
I date=[2023-02-25 15:27:05] pid=#10701 message='BEFORE ; user_id = 4 ; from_state = deals_menu ; data = Open_disput/12'
I date=[2023-02-25 15:27:06] pid=#10701 message='AFTER  ; user_id = 4 ; new_state  = await_disput_text'
I date=[2023-02-25 15:27:08] pid=#10701 message='BEFORE ; user_id = 4 ; from_state = await_disput_text ; text = dfsgsdfg'
I date=[2023-02-25 15:27:10] pid=#10701 message='AFTER  ; user_id = 4 ; new_state  = deals_menu'
I date=[2023-02-25 15:46:58] pid=#12297 message='BEFORE ; user_id = 4 ; from_state = deals_menu ; text = Назад'
I date=[2023-02-25 15:46:59] pid=#12297 message='AFTER  ; user_id = 4 ; new_state  = start'
I date=[2023-02-25 15:47:00] pid=#12297 message='BEFORE ; user_id = 4 ; from_state = start ; text = 🔎Найти пользователя🔎'
I date=[2023-02-25 15:47:01] pid=#12297 message='AFTER  ; user_id = 4 ; new_state  = await_userTo_data'
I date=[2023-02-25 15:47:05] pid=#12297 message='BEFORE ; user_id = 4 ; from_state = await_userTo_data ; '
I date=[2023-02-25 15:47:07] pid=#12297 message='AFTER  ; user_id = 4 ; new_state  = userTo'
I date=[2023-02-25 15:47:08] pid=#12297 message='BEFORE ; user_id = 4 ; from_state = userTo ; data = Offer_deal/5'
I date=[2023-02-25 15:47:09] pid=#12297 message='AFTER  ; user_id = 4 ; new_state  = userTo'
I date=[2023-02-25 15:47:10] pid=#12297 message='BEFORE ; user_id = 4 ; from_state = userTo ; data = I`m custumer/5'
I date=[2023-02-25 15:47:11] pid=#12297 message='AFTER  ; user_id = 4 ; new_state  = userTo'
I date=[2023-02-25 15:47:12] pid=#12297 message='BEFORE ; user_id = 4 ; from_state = userTo ; data = Criptocurrencies/5'
E date=[2023-02-25 15:47:33] pid=#12297 message='ERR ; user_id = 4 Net::OpenTimeout'
I date=[2023-02-25 15:47:34] pid=#12297 message='BEFORE ; user_id = 4 ; from_state = userTo ; data = Criptocurrencies/5'
I date=[2023-02-25 15:47:35] pid=#12297 message='AFTER  ; user_id = 4 ; new_state  = userTo'
I date=[2023-02-25 15:47:35] pid=#12297 message='BEFORE ; user_id = 4 ; from_state = userTo ; data = Criptocurrencies/5'
E date=[2023-02-25 15:47:36] pid=#12297 message='ERR ; user_id = 4 Telegram API has returned the error. (ok: "false", error_code: "400", description: "Bad Request: message is not modified: specified new message content and reply markup are exactly the same as a current content and reply markup of the message")'
I date=[2023-02-25 15:47:36] pid=#12297 message='BEFORE ; user_id = 4 ; from_state = userTo ; data = Another/5'
I date=[2023-02-25 15:47:36] pid=#12297 message='AFTER  ; user_id = 4 ; new_state  = userTo'
I date=[2023-02-25 15:47:37] pid=#12297 message='BEFORE ; user_id = 4 ; from_state = userTo ; data = Currency/BTC/5'
I date=[2023-02-25 15:47:37] pid=#12297 message='AFTER  ; user_id = 4 ; new_state  = currency_amount'
I date=[2023-02-25 15:47:40] pid=#12297 message='BEFORE ; user_id = 4 ; from_state = currency_amount ; text = 423fg'
I date=[2023-02-25 15:47:41] pid=#12297 message='AFTER  ; user_id = 4 ; new_state  = currency_amount'
I date=[2023-02-25 15:47:42] pid=#12297 message='BEFORE ; user_id = 4 ; from_state = currency_amount ; text = 234'
I date=[2023-02-25 15:47:44] pid=#12297 message='AFTER  ; user_id = 4 ; new_state  = conditions'
I date=[2023-02-25 15:47:46] pid=#12297 message='BEFORE ; user_id = 4 ; from_state = conditions ; text = dfgh'
I date=[2023-02-25 15:47:48] pid=#12297 message='AFTER  ; user_id = 4 ; new_state  = confirmation_new_deal'
I date=[2023-02-25 15:47:50] pid=#12297 message='BEFORE ; user_id = 4 ; from_state = confirmation_new_deal ; data = Confirming_new_deal/5'
I date=[2023-02-25 15:47:58] pid=#12297 message='AFTER  ; user_id = 4 ; new_state  = start'
I date=[2023-02-25 15:48:10] pid=#12297 message='BEFORE ; user_id = 4 ; from_state = start ; text = 🤝Сделки🤝'
I date=[2023-02-25 15:48:11] pid=#12297 message='AFTER  ; user_id = 4 ; new_state  = deals_menu'
I date=[2023-02-25 15:48:13] pid=#12297 message='BEFORE ; user_id = 4 ; from_state = deals_menu ; text = Активные'
I date=[2023-02-25 15:48:17] pid=#12297 message='AFTER  ; user_id = 4 ; new_state  = deals_menu'
I date=[2023-02-25 15:48:19] pid=#12297 message='BEFORE ; user_id = 4 ; from_state = deals_menu ; data = Open_disput/13'
I date=[2023-02-25 15:48:20] pid=#12297 message='AFTER  ; user_id = 4 ; new_state  = await_disput_text'
I date=[2023-02-25 15:48:23] pid=#12297 message='BEFORE ; user_id = 4 ; from_state = await_disput_text ; text = dgsfdfsgsdfgfsdg'
I date=[2023-02-25 15:48:25] pid=#12297 message='AFTER  ; user_id = 4 ; new_state  = deals_menu'
I date=[2023-02-25 16:02:21] pid=#13213 message='BEFORE ; user_id = 4 ; from_state = deals_menu ; text = Назад'
I date=[2023-02-25 16:02:23] pid=#13213 message='AFTER  ; user_id = 4 ; new_state  = start'
I date=[2023-02-25 16:02:24] pid=#13213 message='BEFORE ; user_id = 4 ; from_state = start ; text = 🔎Найти пользователя🔎'
I date=[2023-02-25 16:02:25] pid=#13213 message='AFTER  ; user_id = 4 ; new_state  = await_userTo_data'
I date=[2023-02-25 16:02:30] pid=#13213 message='BEFORE ; user_id = 4 ; from_state = await_userTo_data ; '
I date=[2023-02-25 16:02:33] pid=#13213 message='AFTER  ; user_id = 4 ; new_state  = userTo'
I date=[2023-02-25 16:02:46] pid=#13213 message='BEFORE ; user_id = 4 ; from_state = userTo ; data = Offer_deal/5'
I date=[2023-02-25 16:02:47] pid=#13213 message='AFTER  ; user_id = 4 ; new_state  = userTo'
I date=[2023-02-25 16:02:48] pid=#13213 message='BEFORE ; user_id = 4 ; from_state = userTo ; data = I`m seller/5'
I date=[2023-02-25 16:02:50] pid=#13213 message='AFTER  ; user_id = 4 ; new_state  = userTo'
I date=[2023-02-25 16:02:51] pid=#13213 message='BEFORE ; user_id = 4 ; from_state = userTo ; data = Criptocurrencies/5'
I date=[2023-02-25 16:02:52] pid=#13213 message='AFTER  ; user_id = 4 ; new_state  = userTo'
I date=[2023-02-25 16:02:53] pid=#13213 message='BEFORE ; user_id = 4 ; from_state = userTo ; data = Currency/BTC/5'
I date=[2023-02-25 16:02:53] pid=#13213 message='AFTER  ; user_id = 4 ; new_state  = currency_amount'
I date=[2023-02-25 16:02:55] pid=#13213 message='BEFORE ; user_id = 4 ; from_state = currency_amount ; text = 321'
I date=[2023-02-25 16:02:56] pid=#13213 message='AFTER  ; user_id = 4 ; new_state  = conditions'
I date=[2023-02-25 16:02:57] pid=#13213 message='BEFORE ; user_id = 4 ; from_state = conditions ; text = fgds'
I date=[2023-02-25 16:02:58] pid=#13213 message='AFTER  ; user_id = 4 ; new_state  = confirmation_new_deal'
I date=[2023-02-25 16:03:00] pid=#13213 message='BEFORE ; user_id = 4 ; from_state = confirmation_new_deal ; data = Confirming_new_deal/5'
I date=[2023-02-25 16:03:08] pid=#13213 message='AFTER  ; user_id = 4 ; new_state  = start'
I date=[2023-02-25 16:03:25] pid=#13213 message='BEFORE ; user_id = 4 ; from_state = start ; text = 🤝Сделки🤝'
I date=[2023-02-25 16:03:28] pid=#13213 message='AFTER  ; user_id = 4 ; new_state  = deals_menu'
I date=[2023-02-25 16:03:29] pid=#13213 message='BEFORE ; user_id = 4 ; from_state = deals_menu ; text = Активные'
E date=[2023-02-25 16:04:04] pid=#13213 message='ERR ; user_id = 4 Net::ReadTimeout with #<TCPSocket:(closed)>'
I date=[2023-02-25 16:04:06] pid=#13213 message='BEFORE ; user_id = 4 ; from_state = deals_menu ; data = Open_disput/14'
I date=[2023-02-25 16:04:08] pid=#13213 message='AFTER  ; user_id = 4 ; new_state  = await_disput_text'
I date=[2023-02-25 16:04:11] pid=#13213 message='BEFORE ; user_id = 4 ; from_state = await_disput_text ; text = ;lkdasjf'
I date=[2023-02-25 16:04:18] pid=#13213 message='AFTER  ; user_id = 4 ; new_state  = deals_menu'
I date=[2023-02-25 16:08:45] pid=#13955 message='BEFORE ; user_id = 4 ; from_state = deals_menu ; text = Назад'
I date=[2023-02-25 16:08:46] pid=#13955 message='AFTER  ; user_id = 4 ; new_state  = start'
I date=[2023-02-25 16:08:51] pid=#13955 message='BEFORE ; user_id = 4 ; from_state = start ; text = 🔎Найти пользователя🔎'
I date=[2023-02-25 16:08:52] pid=#13955 message='AFTER  ; user_id = 4 ; new_state  = await_userTo_data'
I date=[2023-02-25 16:08:56] pid=#13955 message='BEFORE ; user_id = 4 ; from_state = await_userTo_data ; '
I date=[2023-02-25 16:08:58] pid=#13955 message='AFTER  ; user_id = 4 ; new_state  = userTo'
I date=[2023-02-25 16:09:00] pid=#13955 message='BEFORE ; user_id = 4 ; from_state = userTo ; data = Offer_deal/5'
I date=[2023-02-25 16:09:01] pid=#13955 message='AFTER  ; user_id = 4 ; new_state  = userTo'
I date=[2023-02-25 16:12:50] pid=#3474 message='BEFORE ; user_id = 4 ; from_state = userTo ; data = I`m seller/5'
I date=[2023-02-25 16:12:51] pid=#3474 message='AFTER  ; user_id = 4 ; new_state  = userTo'
I date=[2023-02-25 16:12:53] pid=#3474 message='BEFORE ; user_id = 4 ; from_state = userTo ; data = Criptocurrencies/5'
I date=[2023-02-25 16:12:54] pid=#3474 message='AFTER  ; user_id = 4 ; new_state  = userTo'
I date=[2023-02-25 16:12:55] pid=#3474 message='BEFORE ; user_id = 4 ; from_state = userTo ; data = Currency/BTC/5'
I date=[2023-02-25 16:12:55] pid=#3474 message='AFTER  ; user_id = 4 ; new_state  = currency_amount'
I date=[2023-02-25 16:12:57] pid=#3474 message='BEFORE ; user_id = 4 ; from_state = currency_amount ; text = 234'
I date=[2023-02-25 16:12:59] pid=#3474 message='AFTER  ; user_id = 4 ; new_state  = conditions'
I date=[2023-02-25 16:13:00] pid=#3474 message='BEFORE ; user_id = 4 ; from_state = conditions ; text = fhgd'
I date=[2023-02-25 16:13:00] pid=#3474 message='AFTER  ; user_id = 4 ; new_state  = confirmation_new_deal'
I date=[2023-02-25 16:13:02] pid=#3474 message='BEFORE ; user_id = 4 ; from_state = confirmation_new_deal ; data = Confirming_new_deal/5'
I date=[2023-02-25 16:13:04] pid=#3474 message='AFTER  ; user_id = 4 ; new_state  = start'
I date=[2023-02-25 16:13:06] pid=#3474 message='BEFORE ; user_id = 4 ; from_state = start ; text = 🤝Сделки🤝'
I date=[2023-02-25 16:13:06] pid=#3474 message='AFTER  ; user_id = 4 ; new_state  = deals_menu'
I date=[2023-02-25 16:13:08] pid=#3474 message='BEFORE ; user_id = 4 ; from_state = deals_menu ; text = Активные'
I date=[2023-02-25 16:13:12] pid=#3474 message='AFTER  ; user_id = 4 ; new_state  = deals_menu'
I date=[2023-02-25 16:13:21] pid=#3474 message='BEFORE ; user_id = 4 ; from_state = deals_menu ; text = Активные'
I date=[2023-02-25 16:13:24] pid=#3474 message='AFTER  ; user_id = 4 ; new_state  = deals_menu'
I date=[2023-02-25 16:13:34] pid=#3474 message='BEFORE ; user_id = 4 ; from_state = deals_menu ; text = Активные'
I date=[2023-02-25 16:13:37] pid=#3474 message='AFTER  ; user_id = 4 ; new_state  = deals_menu'
I date=[2023-02-25 16:13:39] pid=#3474 message='BEFORE ; user_id = 4 ; from_state = deals_menu ; data = Open_disput/15'
I date=[2023-02-25 16:13:39] pid=#3474 message='AFTER  ; user_id = 4 ; new_state  = await_disput_text'
I date=[2023-02-25 16:13:42] pid=#3474 message='BEFORE ; user_id = 4 ; from_state = await_disput_text ; text = 345'
I date=[2023-02-25 16:13:43] pid=#3474 message='AFTER  ; user_id = 4 ; new_state  = deals_menu'
I date=[2023-02-25 16:14:18] pid=#3474 message='BEFORE ; user_id = 5 ; from_state = start ; text = 🤝Сделки🤝'
I date=[2023-02-25 16:14:19] pid=#3474 message='AFTER  ; user_id = 5 ; new_state  = deals_menu'
I date=[2023-02-25 16:14:20] pid=#3474 message='BEFORE ; user_id = 5 ; from_state = deals_menu ; text = Активные'
I date=[2023-02-25 16:14:24] pid=#3474 message='AFTER  ; user_id = 5 ; new_state  = deals_menu'
I date=[2023-02-25 16:51:07] pid=#7412 message='BEFORE ; user_id = 4 ; from_state = deals_menu ; text = Активные'
I date=[2023-02-25 16:51:11] pid=#7412 message='AFTER  ; user_id = 4 ; new_state  = deals_menu'
I date=[2023-02-25 16:51:13] pid=#7412 message='BEFORE ; user_id = 4 ; from_state = deals_menu ; text = Назад'
I date=[2023-02-25 16:51:14] pid=#7412 message='AFTER  ; user_id = 4 ; new_state  = start'
I date=[2023-02-25 16:51:15] pid=#7412 message='BEFORE ; user_id = 4 ; from_state = start ; text = 🔎Найти пользователя🔎'
I date=[2023-02-25 16:51:16] pid=#7412 message='AFTER  ; user_id = 4 ; new_state  = await_userTo_data'
I date=[2023-02-25 16:51:51] pid=#7412 message='BEFORE ; user_id = 4 ; from_state = await_userTo_data ; '
I date=[2023-02-25 16:51:53] pid=#7412 message='AFTER  ; user_id = 4 ; new_state  = userTo'
I date=[2023-02-25 16:51:54] pid=#7412 message='BEFORE ; user_id = 4 ; from_state = userTo ; data = Offer_deal/5'
I date=[2023-02-25 16:51:55] pid=#7412 message='AFTER  ; user_id = 4 ; new_state  = userTo'
I date=[2023-02-25 16:51:57] pid=#7412 message='BEFORE ; user_id = 4 ; from_state = userTo ; data = I`m seller/5'
I date=[2023-02-25 16:51:57] pid=#7412 message='AFTER  ; user_id = 4 ; new_state  = userTo'
I date=[2023-02-25 16:51:58] pid=#7412 message='BEFORE ; user_id = 4 ; from_state = userTo ; data = Criptocurrencies/5'
I date=[2023-02-25 16:51:59] pid=#7412 message='AFTER  ; user_id = 4 ; new_state  = userTo'
I date=[2023-02-25 16:52:00] pid=#7412 message='BEFORE ; user_id = 4 ; from_state = userTo ; data = Currency/BTC/5'
I date=[2023-02-25 16:52:00] pid=#7412 message='AFTER  ; user_id = 4 ; new_state  = currency_amount'
I date=[2023-02-25 16:52:03] pid=#7412 message='BEFORE ; user_id = 4 ; from_state = currency_amount ; text = 213'
I date=[2023-02-25 16:52:14] pid=#7412 message='AFTER  ; user_id = 4 ; new_state  = conditions'
I date=[2023-02-25 16:52:16] pid=#7412 message='BEFORE ; user_id = 4 ; from_state = conditions ; text = 3342'
I date=[2023-02-25 16:52:17] pid=#7412 message='AFTER  ; user_id = 4 ; new_state  = confirmation_new_deal'
I date=[2023-02-25 16:52:20] pid=#7412 message='BEFORE ; user_id = 4 ; from_state = confirmation_new_deal ; data = Confirming_new_deal/5'
I date=[2023-02-25 16:52:22] pid=#7412 message='AFTER  ; user_id = 4 ; new_state  = start'
I date=[2023-02-25 16:52:35] pid=#7412 message='BEFORE ; user_id = 4 ; from_state = start ; text = 🤝Сделки🤝'
I date=[2023-02-25 16:52:36] pid=#7412 message='AFTER  ; user_id = 4 ; new_state  = deals_menu'
I date=[2023-02-25 16:52:39] pid=#7412 message='BEFORE ; user_id = 4 ; from_state = deals_menu ; text = Активные'
I date=[2023-02-25 16:52:49] pid=#7412 message='AFTER  ; user_id = 4 ; new_state  = deals_menu'
I date=[2023-02-25 16:53:11] pid=#7412 message='BEFORE ; user_id = 4 ; from_state = deals_menu ; text = Активные'
I date=[2023-02-25 16:53:35] pid=#7412 message='AFTER  ; user_id = 4 ; new_state  = deals_menu'
I date=[2023-02-25 16:54:34] pid=#7659 message='BEFORE ; user_id = 4 ; from_state = deals_menu ; text = Активные'
I date=[2023-02-25 16:54:39] pid=#7659 message='AFTER  ; user_id = 4 ; new_state  = deals_menu'
I date=[2023-02-25 16:56:10] pid=#7805 message='BEFORE ; user_id = 4 ; from_state = deals_menu ; text = Активные'
I date=[2023-02-25 16:56:16] pid=#7805 message='AFTER  ; user_id = 4 ; new_state  = deals_menu'
I date=[2023-02-25 16:56:25] pid=#7805 message='BEFORE ; user_id = 4 ; from_state = deals_menu ; data = Open_disput/16'
I date=[2023-02-25 16:56:25] pid=#7805 message='AFTER  ; user_id = 4 ; new_state  = await_disput_text'
I date=[2023-02-25 16:56:28] pid=#7805 message='BEFORE ; user_id = 4 ; from_state = await_disput_text ; text = fdshg'
I date=[2023-02-25 16:56:29] pid=#7805 message='AFTER  ; user_id = 4 ; new_state  = deals_menu'
I date=[2023-02-25 17:04:10] pid=#8916 message='BEFORE ; user_id = 4 ; from_state = deals_menu ; text = Активные'
I date=[2023-02-25 17:04:16] pid=#8916 message='AFTER  ; user_id = 4 ; new_state  = deals_menu'
I date=[2023-02-25 19:33:00] pid=#19188 message='BEFORE ; user_id = 1 ; from_state = language ; text = Назад'
I date=[2023-02-25 19:33:01] pid=#19188 message='AFTER  ; user_id = 1 ; new_state  = language'
I date=[2023-02-25 19:33:02] pid=#19188 message='BEFORE ; user_id = 1 ; from_state = language ; data = Русский/Выбранный язык'
I date=[2023-02-25 19:33:03] pid=#19188 message='AFTER  ; user_id = 1 ; new_state  = start'
I date=[2023-02-25 19:33:54] pid=#19188 message='BEFORE ; user_id = 2 ; from_state = language ; text = sdf'
I date=[2023-02-25 19:33:55] pid=#19188 message='AFTER  ; user_id = 2 ; new_state  = language'
I date=[2023-02-25 19:34:09] pid=#19188 message='BEFORE ; user_id = 2 ; from_state = language ; data = Русский/Выбранный язык'
I date=[2023-02-25 19:34:12] pid=#19188 message='AFTER  ; user_id = 2 ; new_state  = start'
I date=[2023-02-25 19:34:36] pid=#19188 message='BEFORE ; user_id = 1 ; from_state = start ; text = 🔎Найти пользователя🔎'
I date=[2023-02-25 19:34:37] pid=#19188 message='AFTER  ; user_id = 1 ; new_state  = await_userTo_data'
I date=[2023-02-25 19:34:38] pid=#19188 message='BEFORE ; user_id = 1 ; from_state = await_userTo_data ; text = Отмена'
I date=[2023-02-25 19:34:39] pid=#19188 message='AFTER  ; user_id = 1 ; new_state  = start'
I date=[2023-02-25 19:34:40] pid=#19188 message='BEFORE ; user_id = 1 ; from_state = start ; text = 🤝Сделки🤝'
I date=[2023-02-25 19:34:41] pid=#19188 message='AFTER  ; user_id = 1 ; new_state  = deals_menu'
I date=[2023-02-25 19:34:42] pid=#19188 message='BEFORE ; user_id = 1 ; from_state = deals_menu ; text = Активные'
I date=[2023-02-25 19:34:43] pid=#19188 message='AFTER  ; user_id = 1 ; new_state  = deals_menu'
I date=[2023-02-25 19:34:44] pid=#19188 message='BEFORE ; user_id = 1 ; from_state = deals_menu ; text = Назад'
I date=[2023-02-25 19:34:46] pid=#19188 message='AFTER  ; user_id = 1 ; new_state  = start'
I date=[2023-02-25 19:34:47] pid=#19188 message='BEFORE ; user_id = 1 ; from_state = start ; text = 🔎Найти пользователя🔎'
I date=[2023-02-25 19:34:48] pid=#19188 message='AFTER  ; user_id = 1 ; new_state  = await_userTo_data'
I date=[2023-02-25 19:34:59] pid=#19188 message='BEFORE ; user_id = 1 ; from_state = await_userTo_data ; '
I date=[2023-02-25 19:35:00] pid=#19188 message='AFTER  ; user_id = 1 ; new_state  = userTo'
I date=[2023-02-25 19:35:02] pid=#19188 message='BEFORE ; user_id = 1 ; from_state = userTo ; data = Offer_deal/2'
I date=[2023-02-25 19:35:02] pid=#19188 message='AFTER  ; user_id = 1 ; new_state  = userTo'
I date=[2023-02-25 19:35:07] pid=#19188 message='BEFORE ; user_id = 1 ; from_state = userTo ; data = I`m seller/2'
I date=[2023-02-25 19:35:07] pid=#19188 message='AFTER  ; user_id = 1 ; new_state  = userTo'
I date=[2023-02-25 19:35:10] pid=#19188 message='BEFORE ; user_id = 1 ; from_state = userTo ; data = Criptocurrencies/2'
I date=[2023-02-25 19:35:11] pid=#19188 message='AFTER  ; user_id = 1 ; new_state  = userTo'
I date=[2023-02-25 19:35:12] pid=#19188 message='BEFORE ; user_id = 1 ; from_state = userTo ; data = Currency/BTC/2'
I date=[2023-02-25 19:35:13] pid=#19188 message='AFTER  ; user_id = 1 ; new_state  = currency_amount'
I date=[2023-02-25 19:35:15] pid=#19188 message='BEFORE ; user_id = 1 ; from_state = currency_amount ; text = 41234'
I date=[2023-02-25 19:35:16] pid=#19188 message='AFTER  ; user_id = 1 ; new_state  = conditions'
I date=[2023-02-25 19:35:18] pid=#19188 message='BEFORE ; user_id = 1 ; from_state = conditions ; text = dfsgfdsg'
I date=[2023-02-25 19:35:21] pid=#19188 message='AFTER  ; user_id = 1 ; new_state  = confirmation_new_deal'
I date=[2023-02-25 19:35:26] pid=#19188 message='BEFORE ; user_id = 1 ; from_state = confirmation_new_deal ; data = Confirming_new_deal/2'
I date=[2023-02-25 19:35:41] pid=#19188 message='AFTER  ; user_id = 1 ; new_state  = start'
I date=[2023-02-25 19:36:00] pid=#19188 message='BEFORE ; user_id = 1 ; from_state = start ; text = 🤝Сделки🤝'
I date=[2023-02-25 19:36:01] pid=#19188 message='AFTER  ; user_id = 1 ; new_state  = deals_menu'
I date=[2023-02-25 19:36:02] pid=#19188 message='BEFORE ; user_id = 1 ; from_state = deals_menu ; text = Активные'
I date=[2023-02-25 19:36:03] pid=#19188 message='AFTER  ; user_id = 1 ; new_state  = deals_menu'
I date=[2023-02-25 19:36:06] pid=#19188 message='BEFORE ; user_id = 1 ; from_state = deals_menu ; data = Cancel_exist_deal/1'
I date=[2023-02-25 19:36:10] pid=#19188 message='BEFORE ; user_id = 1 ; from_state = deals_menu ; data = Open_disput/1'
I date=[2023-02-25 19:36:11] pid=#19188 message='AFTER  ; user_id = 1 ; new_state  = await_disput_text'
I date=[2023-02-25 19:36:14] pid=#19188 message='BEFORE ; user_id = 1 ; from_state = await_disput_text ; text = fasdlkj'
I date=[2023-02-25 19:36:15] pid=#19188 message='AFTER  ; user_id = 1 ; new_state  = deals_menu'
I date=[2023-02-25 19:36:35] pid=#19188 message='BEFORE ; user_id = 1 ; from_state = deals_menu ; text = Активные'
I date=[2023-02-25 19:36:35] pid=#19188 message='AFTER  ; user_id = 1 ; new_state  = deals_menu'
I date=[2023-02-25 19:41:46] pid=#20145 message='BEFORE ; user_id = 1 ; from_state = deals_menu ; text = Назад'
I date=[2023-02-25 19:41:46] pid=#20145 message='AFTER  ; user_id = 1 ; new_state  = start'
I date=[2023-02-25 19:41:48] pid=#20145 message='BEFORE ; user_id = 1 ; from_state = start ; text = 🔎Найти пользователя🔎'
I date=[2023-02-25 19:41:49] pid=#20145 message='AFTER  ; user_id = 1 ; new_state  = await_userTo_data'
I date=[2023-02-25 19:51:39] pid=#21573 message='BEFORE ; user_id = 1 ; from_state = await_userTo_data ; '
I date=[2023-02-25 19:51:44] pid=#21573 message='AFTER  ; user_id = 1 ; new_state  = userTo'
I date=[2023-02-25 19:51:48] pid=#21573 message='BEFORE ; user_id = 1 ; from_state = start ; text = 🤝Сделки🤝'
I date=[2023-02-25 19:51:48] pid=#21573 message='AFTER  ; user_id = 1 ; new_state  = deals_menu'
I date=[2023-02-25 19:51:51] pid=#21573 message='BEFORE ; user_id = 1 ; from_state = deals_menu ; text = Активные'
I date=[2023-02-25 19:51:53] pid=#21573 message='AFTER  ; user_id = 1 ; new_state  = deals_menu'
I date=[2023-02-25 19:56:40] pid=#22085 message='BEFORE ; user_id = 1 ; from_state = deals_menu ; text = Активные'
I date=[2023-02-25 19:56:42] pid=#22085 message='AFTER  ; user_id = 1 ; new_state  = deals_menu'
I date=[2023-02-25 21:36:55] pid=#5052 message='BEFORE ; user_id = 1 ; from_state = language ; text = /start'
I date=[2023-02-25 21:36:56] pid=#5052 message='AFTER  ; user_id = 1 ; new_state  = language'
I date=[2023-02-25 21:37:00] pid=#5052 message='BEFORE ; user_id = 1 ; from_state = language ; data = Русский/Выбранный язык'
I date=[2023-02-25 21:37:01] pid=#5052 message='AFTER  ; user_id = 1 ; new_state  = start'
I date=[2023-02-25 21:37:58] pid=#5052 message='BEFORE ; user_id = 2 ; from_state = language ; text = /start'
I date=[2023-02-25 21:38:01] pid=#5052 message='AFTER  ; user_id = 2 ; new_state  = language'
I date=[2023-02-25 21:38:01] pid=#5052 message='BEFORE ; user_id = 2 ; from_state = language ; data = Русский/Выбранный язык'
I date=[2023-02-25 21:38:03] pid=#5052 message='AFTER  ; user_id = 2 ; new_state  = start'
I date=[2023-02-25 21:44:13] pid=#5052 message='BEFORE ; user_id = 1 ; from_state = start ; text = 🔎Найти пользователя🔎'
I date=[2023-02-25 21:44:14] pid=#5052 message='AFTER  ; user_id = 1 ; new_state  = await_userTo_data'
I date=[2023-02-25 21:44:19] pid=#5052 message='BEFORE ; user_id = 1 ; from_state = await_userTo_data ; '
I date=[2023-02-25 21:44:20] pid=#5052 message='AFTER  ; user_id = 1 ; new_state  = userTo'
I date=[2023-02-25 21:44:21] pid=#5052 message='BEFORE ; user_id = 1 ; from_state = userTo ; data = Offer_deal/2'
I date=[2023-02-25 21:44:22] pid=#5052 message='AFTER  ; user_id = 1 ; new_state  = userTo'
I date=[2023-02-25 21:44:23] pid=#5052 message='BEFORE ; user_id = 1 ; from_state = userTo ; data = I`m custumer/2'
I date=[2023-02-25 21:44:23] pid=#5052 message='AFTER  ; user_id = 1 ; new_state  = userTo'
I date=[2023-02-25 21:44:24] pid=#5052 message='BEFORE ; user_id = 1 ; from_state = userTo ; data = Criptocurrencies/2'
I date=[2023-02-25 21:44:25] pid=#5052 message='AFTER  ; user_id = 1 ; new_state  = userTo'
I date=[2023-02-25 21:44:25] pid=#5052 message='BEFORE ; user_id = 1 ; from_state = userTo ; data = Currency/BTC/2'
I date=[2023-02-25 21:44:26] pid=#5052 message='AFTER  ; user_id = 1 ; new_state  = currency_amount'
I date=[2023-02-25 21:44:28] pid=#5052 message='BEFORE ; user_id = 1 ; from_state = currency_amount ; text = 321'
I date=[2023-02-25 21:44:28] pid=#5052 message='AFTER  ; user_id = 1 ; new_state  = conditions'
I date=[2023-02-25 21:44:29] pid=#5052 message='BEFORE ; user_id = 1 ; from_state = conditions ; text = sdf'
I date=[2023-02-25 21:44:29] pid=#5052 message='AFTER  ; user_id = 1 ; new_state  = confirmation_new_deal'
I date=[2023-02-25 21:44:32] pid=#5052 message='BEFORE ; user_id = 1 ; from_state = confirmation_new_deal ; data = Confirming_new_deal/2'
I date=[2023-02-25 21:44:34] pid=#5052 message='AFTER  ; user_id = 1 ; new_state  = start'
I date=[2023-02-25 21:44:47] pid=#5052 message='BEFORE ; user_id = 1 ; from_state = start ; text = 🤝Сделки🤝'
I date=[2023-02-25 21:44:48] pid=#5052 message='AFTER  ; user_id = 1 ; new_state  = deals_menu'
I date=[2023-02-25 21:49:54] pid=#6309 message='BEFORE ; user_id = 1 ; from_state = deals_menu ; text = Активные'
I date=[2023-02-25 21:49:55] pid=#6309 message='AFTER  ; user_id = 1 ; new_state  = deals_menu'
I date=[2023-02-25 21:49:58] pid=#6309 message='BEFORE ; user_id = 1 ; from_state = deals_menu ; data = Open_disput/1'
I date=[2023-02-25 21:49:58] pid=#6309 message='AFTER  ; user_id = 1 ; new_state  = await_disput_text'
I date=[2023-02-25 21:50:01] pid=#6309 message='BEFORE ; user_id = 1 ; from_state = await_disput_text ; text = sgsdf'
I date=[2023-02-25 21:50:02] pid=#6309 message='AFTER  ; user_id = 1 ; new_state  = deals_menu'
I date=[2023-02-25 22:03:57] pid=#6930 message='BEFORE ; user_id = 1 ; from_state = deals_menu ; text = Активные'
I date=[2023-02-25 22:03:58] pid=#6930 message='AFTER  ; user_id = 1 ; new_state  = deals_menu'
I date=[2023-02-25 22:07:39] pid=#6930 message='BEFORE ; user_id = 1 ; from_state = deals_menu ; text = Активные'
I date=[2023-02-25 22:07:54] pid=#6930 message='AFTER  ; user_id = 1 ; new_state  = deals_menu'
I date=[2023-02-25 22:08:05] pid=#6930 message='BEFORE ; user_id = 1 ; from_state = deals_menu ; data = Open_disput/11'
I date=[2023-02-25 22:08:06] pid=#6930 message='AFTER  ; user_id = 1 ; new_state  = await_disput_text'
I date=[2023-02-25 22:08:11] pid=#6930 message='BEFORE ; user_id = 1 ; from_state = await_disput_text ; text = причина'
I date=[2023-02-25 22:08:13] pid=#6930 message='AFTER  ; user_id = 1 ; new_state  = deals_menu'
I date=[2023-02-25 22:08:29] pid=#6930 message='BEFORE ; user_id = 1 ; from_state = deals_menu ; text = История сделок'
I date=[2023-02-25 22:08:32] pid=#6930 message='BEFORE ; user_id = 1 ; from_state = deals_menu ; text = Активные'
I date=[2023-02-25 22:08:36] pid=#6930 message='AFTER  ; user_id = 1 ; new_state  = deals_menu'
I date=[2023-02-25 22:09:11] pid=#7820 message='BEFORE ; user_id = 1 ; from_state = deals_menu ; data = Open_disput/10'
I date=[2023-02-25 22:09:11] pid=#7820 message='AFTER  ; user_id = 1 ; new_state  = await_disput_text'
I date=[2023-02-25 22:09:13] pid=#7820 message='BEFORE ; user_id = 1 ; from_state = await_disput_text ; text = фыва'
I date=[2023-02-25 22:09:15] pid=#7820 message='AFTER  ; user_id = 1 ; new_state  = deals_menu'
I date=[2023-02-25 22:11:12] pid=#7820 message='BEFORE ; user_id = 2 ; from_state = start ; text = 🤝Сделки🤝'
I date=[2023-02-25 22:11:13] pid=#7820 message='AFTER  ; user_id = 2 ; new_state  = deals_menu'
I date=[2023-02-25 22:11:14] pid=#7820 message='BEFORE ; user_id = 2 ; from_state = deals_menu ; text = Активные'
I date=[2023-02-25 22:11:18] pid=#7820 message='AFTER  ; user_id = 2 ; new_state  = deals_menu'
I date=[2023-02-25 22:11:55] pid=#7820 message='BEFORE ; user_id = 1 ; from_state = deals_menu ; text = Активные'
I date=[2023-02-25 22:12:02] pid=#7820 message='AFTER  ; user_id = 1 ; new_state  = deals_menu'
I date=[2023-02-25 22:14:54] pid=#8422 message='BEFORE ; user_id = 1 ; from_state = language ; text = Назад'
I date=[2023-02-25 22:14:55] pid=#8422 message='AFTER  ; user_id = 1 ; new_state  = language'
I date=[2023-02-25 22:14:58] pid=#8422 message='BEFORE ; user_id = 1 ; from_state = language ; data = Русский/Выбранный язык'
I date=[2023-02-25 22:14:59] pid=#8422 message='AFTER  ; user_id = 1 ; new_state  = start'
I date=[2023-02-25 22:15:09] pid=#8422 message='BEFORE ; user_id = 2 ; from_state = language ; text = Назад'
I date=[2023-02-25 22:15:09] pid=#8422 message='AFTER  ; user_id = 2 ; new_state  = language'
I date=[2023-02-25 22:15:10] pid=#8422 message='BEFORE ; user_id = 2 ; from_state = language ; data = Русский/Выбранный язык'
I date=[2023-02-25 22:15:12] pid=#8422 message='AFTER  ; user_id = 2 ; new_state  = start'
I date=[2023-02-25 22:16:24] pid=#8422 message='BEFORE ; user_id = 1 ; from_state = start ; text = /start'
I date=[2023-02-25 22:16:25] pid=#8422 message='AFTER  ; user_id = 1 ; new_state  = start'
I date=[2023-02-25 22:16:27] pid=#8422 message='BEFORE ; user_id = 1 ; from_state = start ; text = 🤝Сделки🤝'
I date=[2023-02-25 22:16:28] pid=#8422 message='AFTER  ; user_id = 1 ; new_state  = deals_menu'
I date=[2023-02-25 22:16:29] pid=#8422 message='BEFORE ; user_id = 1 ; from_state = deals_menu ; text = Активные'
I date=[2023-02-25 22:16:30] pid=#8422 message='AFTER  ; user_id = 1 ; new_state  = deals_menu'
I date=[2023-02-25 22:16:32] pid=#8422 message='BEFORE ; user_id = 1 ; from_state = deals_menu ; text = Назад'
I date=[2023-02-25 22:16:32] pid=#8422 message='AFTER  ; user_id = 1 ; new_state  = start'
I date=[2023-02-25 22:16:34] pid=#8422 message='BEFORE ; user_id = 1 ; from_state = start ; text = 🔎Найти пользователя🔎'
I date=[2023-02-25 22:16:34] pid=#8422 message='AFTER  ; user_id = 1 ; new_state  = await_userTo_data'
I date=[2023-02-25 22:16:48] pid=#8422 message='BEFORE ; user_id = 1 ; from_state = await_userTo_data ; text = Отмена'
I date=[2023-02-25 22:16:49] pid=#8422 message='AFTER  ; user_id = 1 ; new_state  = start'
I date=[2023-02-25 22:16:50] pid=#8422 message='BEFORE ; user_id = 1 ; from_state = start ; text = 🤝Сделки🤝'
I date=[2023-02-25 22:16:50] pid=#8422 message='AFTER  ; user_id = 1 ; new_state  = deals_menu'
I date=[2023-02-25 22:16:52] pid=#8422 message='BEFORE ; user_id = 1 ; from_state = deals_menu ; text = Активные'
I date=[2023-02-25 22:16:54] pid=#8422 message='AFTER  ; user_id = 1 ; new_state  = deals_menu'
I date=[2023-02-25 22:16:59] pid=#8422 message='BEFORE ; user_id = 1 ; from_state = deals_menu ; data = Open_disput/5'
I date=[2023-02-25 22:17:00] pid=#8422 message='AFTER  ; user_id = 1 ; new_state  = await_disput_text'
I date=[2023-02-25 22:17:07] pid=#8422 message='BEFORE ; user_id = 1 ; from_state = await_disput_text ; text = disput1'
I date=[2023-02-25 22:17:09] pid=#8422 message='AFTER  ; user_id = 1 ; new_state  = deals_menu'
I date=[2023-02-25 22:17:52] pid=#8422 message='BEFORE ; user_id = 2 ; from_state = start ; text = /start'
I date=[2023-02-25 22:17:52] pid=#8422 message='AFTER  ; user_id = 2 ; new_state  = start'
I date=[2023-02-25 22:17:54] pid=#8422 message='BEFORE ; user_id = 2 ; from_state = start ; text = 🤝Сделки🤝'
I date=[2023-02-25 22:17:55] pid=#8422 message='AFTER  ; user_id = 2 ; new_state  = deals_menu'
I date=[2023-02-25 22:17:56] pid=#8422 message='BEFORE ; user_id = 2 ; from_state = deals_menu ; text = Активные'
I date=[2023-02-25 22:18:00] pid=#8422 message='AFTER  ; user_id = 2 ; new_state  = deals_menu'
I date=[2023-02-25 22:20:44] pid=#8422 message='BEFORE ; user_id = 1 ; from_state = deals_menu ; text = Активные'
I date=[2023-02-25 22:20:47] pid=#8422 message='AFTER  ; user_id = 1 ; new_state  = deals_menu'
I date=[2023-02-25 22:21:11] pid=#8422 message='BEFORE ; user_id = 1 ; from_state = deals_menu ; text = Активные'
I date=[2023-02-25 22:21:14] pid=#8422 message='AFTER  ; user_id = 1 ; new_state  = deals_menu'
I date=[2023-02-25 22:24:23] pid=#8895 message='BEFORE ; user_id = 1 ; from_state = deals_menu ; text = Активные'
I date=[2023-02-25 22:24:26] pid=#8895 message='AFTER  ; user_id = 1 ; new_state  = deals_menu'
I date=[2023-02-25 22:24:36] pid=#8895 message='BEFORE ; user_id = 1 ; from_state = deals_menu ; data = Open_disput/4'
I date=[2023-02-25 22:24:36] pid=#8895 message='AFTER  ; user_id = 1 ; new_state  = await_disput_text'
I date=[2023-02-25 22:24:39] pid=#8895 message='BEFORE ; user_id = 1 ; from_state = await_disput_text ; text = asdf'
I date=[2023-02-25 22:24:41] pid=#8895 message='AFTER  ; user_id = 1 ; new_state  = deals_menu'
I date=[2023-02-25 22:25:25] pid=#8895 message='BEFORE ; user_id = 1 ; from_state = deals_menu ; text = Активные'
I date=[2023-02-25 22:25:27] pid=#8895 message='AFTER  ; user_id = 1 ; new_state  = deals_menu'
I date=[2023-02-26 11:05:24] pid=#13970 message='BEFORE ; user_id = 1 ; from_state = deals_menu ; 'text = Активные''
I date=[2023-02-26 11:05:25] pid=#13970 message='AFTER  ; user_id = 1 ; new_state  = deals_menu'
I date=[2023-02-26 11:05:58] pid=#14034 message='BEFORE ; user_id = 1 ; from_state = deals_menu ; 'text = Активные''
I date=[2023-02-26 11:05:58] pid=#14034 message='AFTER  ; user_id = 1 ; new_state  = deals_menu'
I date=[2023-02-26 11:05:59] pid=#14034 message='BEFORE ; user_id = 1 ; from_state = deals_menu ; 'text = Назад''
I date=[2023-02-26 11:06:00] pid=#14034 message='AFTER  ; user_id = 1 ; new_state  = start'
I date=[2023-02-26 11:06:02] pid=#14034 message='BEFORE ; user_id = 1 ; from_state = start ; 'text = 🔎Найти пользователя🔎''
I date=[2023-02-26 11:06:02] pid=#14034 message='AFTER  ; user_id = 1 ; new_state  = await_userTo_data'
I date=[2023-02-26 11:06:03] pid=#14034 message='BEFORE ; user_id = 1 ; from_state = await_userTo_data ; 'text = Отмена''
I date=[2023-02-26 11:06:04] pid=#14034 message='AFTER  ; user_id = 1 ; new_state  = start'
I date=[2023-02-26 11:06:04] pid=#14034 message='BEFORE ; user_id = 1 ; from_state = start ; 'text = 🤝Сделки🤝''
I date=[2023-02-26 11:06:05] pid=#14034 message='AFTER  ; user_id = 1 ; new_state  = deals_menu'
I date=[2023-02-26 11:06:06] pid=#14034 message='BEFORE ; user_id = 1 ; from_state = deals_menu ; 'text = Активные''
I date=[2023-02-26 11:06:07] pid=#14034 message='AFTER  ; user_id = 1 ; new_state  = deals_menu'
I date=[2023-02-26 11:06:10] pid=#14034 message='BEFORE ; user_id = 1 ; from_state = deals_menu ; 'text = Назад''
I date=[2023-02-26 11:06:11] pid=#14034 message='AFTER  ; user_id = 1 ; new_state  = start'
I date=[2023-02-26 11:06:19] pid=#14034 message='BEFORE ; user_id = 1 ; from_state = start ; 'text = 🔎Найти пользователя🔎''
I date=[2023-02-26 11:06:19] pid=#14034 message='AFTER  ; user_id = 1 ; new_state  = await_userTo_data'
I date=[2023-02-26 11:06:31] pid=#14034 message='BEFORE ; user_id = 1 ; from_state = await_userTo_data ; '''
I date=[2023-02-26 11:06:32] pid=#14034 message='AFTER  ; user_id = 1 ; new_state  = await_userTo_data'
I date=[2023-02-26 11:06:39] pid=#14034 message='BEFORE ; user_id = 1 ; from_state = await_userTo_data ; '''
I date=[2023-02-26 11:06:40] pid=#14034 message='AFTER  ; user_id = 1 ; new_state  = userTo'
I date=[2023-02-26 11:06:42] pid=#14034 message='BEFORE ; user_id = 1 ; from_state = userTo ; 'data = Offer_deal/2''
I date=[2023-02-26 11:06:42] pid=#14034 message='AFTER  ; user_id = 1 ; new_state  = userTo'
I date=[2023-02-26 11:06:43] pid=#14034 message='BEFORE ; user_id = 1 ; from_state = userTo ; 'data = I`m custumer/2''
I date=[2023-02-26 11:06:44] pid=#14034 message='AFTER  ; user_id = 1 ; new_state  = userTo'
I date=[2023-02-26 11:06:45] pid=#14034 message='BEFORE ; user_id = 1 ; from_state = userTo ; 'data = Criptocurrencies/2''
I date=[2023-02-26 11:06:45] pid=#14034 message='AFTER  ; user_id = 1 ; new_state  = userTo'
I date=[2023-02-26 11:06:46] pid=#14034 message='BEFORE ; user_id = 1 ; from_state = userTo ; 'data = Currency/BTC/2''
I date=[2023-02-26 11:06:47] pid=#14034 message='AFTER  ; user_id = 1 ; new_state  = currency_amount'
I date=[2023-02-26 11:06:48] pid=#14034 message='BEFORE ; user_id = 1 ; from_state = currency_amount ; 'text = 123''
I date=[2023-02-26 11:06:48] pid=#14034 message='AFTER  ; user_id = 1 ; new_state  = conditions'
I date=[2023-02-26 11:06:49] pid=#14034 message='BEFORE ; user_id = 1 ; from_state = conditions ; 'text = gfgsfd''
I date=[2023-02-26 11:06:49] pid=#14034 message='AFTER  ; user_id = 1 ; new_state  = confirmation_new_deal'
I date=[2023-02-26 11:06:52] pid=#14034 message='BEFORE ; user_id = 1 ; from_state = confirmation_new_deal ; 'data = Confirming_new_deal/2''
I date=[2023-02-26 11:06:53] pid=#14034 message='AFTER  ; user_id = 1 ; new_state  = start'
I date=[2023-02-26 11:18:33] pid=#14944 message='BEFORE ; user_id = 1 ; from_state = start ; 'text = 🔎Найти пользователя🔎''
I date=[2023-02-26 11:18:33] pid=#14944 message='AFTER  ; user_id = 1 ; new_state  = await_userTo_data'
I date=[2023-02-26 11:18:39] pid=#14944 message='BEFORE ; user_id = 1 ; from_state = await_userTo_data ; '''
I date=[2023-02-26 11:18:40] pid=#14944 message='AFTER  ; user_id = 1 ; new_state  = userTo'
I date=[2023-02-26 11:18:41] pid=#14944 message='BEFORE ; user_id = 1 ; from_state = start ; 'text = 🔎Найти пользователя🔎''
I date=[2023-02-26 11:18:41] pid=#14944 message='AFTER  ; user_id = 1 ; new_state  = await_userTo_data'
I date=[2023-02-26 11:18:50] pid=#14944 message='BEFORE ; user_id = 1 ; from_state = await_userTo_data ; 'data = Offer_deal/2''
E date=[2023-02-26 11:18:50] pid=#14944 message='ERR ; user_id = 1 undefined method `user_shared' for #<Telegram::Bot::Types::CallbackQuery:0x00007f1f60a0efe8 @id="8435797685351168920", @from=#<Telegram::Bot::Types::User:0x00007f1f6265fdc8 @id=1964112204, @is_bot=false, @first_name="gorrus39", @username="gorrus39", @language_code="en", @last_name=nil, @is_premium=nil, @added_to_attachment_menu=nil, @can_join_groups=nil, @can_read_all_group_messages=nil, @supports_inline_queries=nil>, @message=#<Telegram::Bot::Types::Message:0x00007f1f625a6e18 @message_id=186, @from=#<Telegram::Bot::Types::User:0x00007f1f6265fc88 @id=5676653907, @is_bot=true, @first_name="main_Bot_developer", @username="botDeveloper_main_bot", @last_name=nil, @language_code=nil, @is_premium=nil, @added_to_attachment_menu=nil, @can_join_groups=nil, @can_read_all_group_messages=nil, @supports_inline_queries=nil>, @chat=#<Telegram::Bot::Types::Chat:0x00007f1f629bb418 @id=1964112204, @first_name="gorrus39", @username="gorrus39", @type="private", @title=nil, @last_name=nil, @photo=nil, @bio=nil, @has_private_forwards=nil, @has_restricted_voice_and_video_messages=nil, @join_to_send_messages=nil, @join_by_request=nil, @description=nil, @invite_link=nil, @pinned_message=nil, @permissions=nil, @slow_mode_delay=nil, @message_auto_delete_time=nil, @has_protected_content=nil, @sticker_set_name=nil, @can_set_sticker_set=nil, @linked_chat_id=nil, @location=nil>, @date=1677399424, @text="👤Пользователь:\nИмя: sev_G \nid: 6016837864\n\n📈Сделок как продавец:\n📉Сделок как покупатель:\n⚖️Споры:\n📬Отзывы:\n\n⭐️Рейтинг: 5/5", @entities=[#<Telegram::Bot::Types::MessageEntity:0x00007f1f60a0a830 @offset=0, @length=15, @type="bold", @url=nil, @user=nil, @language=nil, @custom_emoji_id=nil>, #<Telegram::Bot::Types::MessageEntity:0x00007f1f60e95be8 @offset=16, @length=4, @type="bold", @url=nil, @user=nil, @language=nil, @custom_emoji_id=nil>, #<Telegram::Bot::Types::MessageEntity:0x00007f1f60e95b98 @offset=28, @length=3, @type="bold", @url=nil, @user=nil, @language=nil, @custom_emoji_id=nil>, #<Telegram::Bot::Types::MessageEntity:0x00007f1f60e95b48 @offset=44, @length=22, @type="bold", @url=nil, @user=nil, @language=nil, @custom_emoji_id=nil>, #<Telegram::Bot::Types::MessageEntity:0x00007f1f60e95af8 @offset=67, @length=24, @type="bold", @url=nil, @user=nil, @language=nil, @custom_emoji_id=nil>, #<Telegram::Bot::Types::MessageEntity:0x00007f1f60e95a58 @offset=92, @length=8, @type="bold", @url=nil, @user=nil, @language=nil, @custom_emoji_id=nil>, #<Telegram::Bot::Types::MessageEntity:0x00007f1f60e95a08 @offset=101, @length=9, @type="bold", @url=nil, @user=nil, @language=nil, @custom_emoji_id=nil>, #<Telegram::Bot::Types::MessageEntity:0x00007f1f60e95968 @offset=112, @length=10, @type="bold", @url=nil, @user=nil, @language=nil, @custom_emoji_id=nil>], @reply_markup=#<Telegram::Bot::Types::InlineKeyboardMarkup:0x00007f1f60a04ac0 @inline_keyboard=[[{"text"=>"Предложить сделку", "callback_data"=>"Offer_deal/2"}], [{"text"=>"Отзывы", "callback_data"=>"Comments/2"}], [{"text"=>"Споры", "callback_data"=>"Disputs/2"}]]>, @sender_chat=nil, @forward_from=nil, @forward_from_chat=nil, @forward_from_message_id=nil, @forward_signature=nil, @forward_sender_name=nil, @forward_date=nil, @is_automatic_forward=nil, @reply_to_message=nil, @via_bot=nil, @edit_date=nil, @has_protected_content=nil, @media_group_id=nil, @author_signature=nil, @animation=nil, @audio=nil, @document=nil, @photo=[], @sticker=nil, @video=nil, @video_note=nil, @voice=nil, @caption=nil, @caption_entities=[], @contact=nil, @dice=nil, @game=nil, @poll=nil, @venue=nil, @location=nil, @new_chat_members=[], @left_chat_member=nil, @new_chat_title=nil, @new_chat_photo=[], @delete_chat_photo=nil, @group_chat_created=nil, @supergroup_chat_created=nil, @channel_chat_created=nil, @message_auto_delete_timer_changed=nil, @migrate_to_chat_id=nil, @migrate_from_chat_id=nil, @pinned_message=nil, @invoice=nil, @successful_payment=nil, @connected_website=nil, @passport_data=nil, @proximity_alert_triggered=nil, @video_chat_scheduled=nil, @video_chat_started=nil, @video_chat_ended=nil, @video_chat_participants_invited=nil, @web_app_data=nil, @user_shared=nil>, @chat_instance="-5538254971879165319", @data="Offer_deal/2", @inline_message_id=nil, @game_short_name=nil>'
I date=[2023-02-26 11:18:55] pid=#14944 message='BEFORE ; user_id = 1 ; from_state = await_userTo_data ; '''
I date=[2023-02-26 11:18:56] pid=#14944 message='AFTER  ; user_id = 1 ; new_state  = userTo'
I date=[2023-02-26 11:18:57] pid=#14944 message='BEFORE ; user_id = 1 ; from_state = userTo ; 'data = Offer_deal/2''
I date=[2023-02-26 11:18:58] pid=#14944 message='AFTER  ; user_id = 1 ; new_state  = userTo'
I date=[2023-02-26 11:18:58] pid=#14944 message='BEFORE ; user_id = 1 ; from_state = userTo ; 'data = I`m custumer/2''
I date=[2023-02-26 11:18:59] pid=#14944 message='AFTER  ; user_id = 1 ; new_state  = userTo'
I date=[2023-02-26 11:19:00] pid=#14944 message='BEFORE ; user_id = 1 ; from_state = userTo ; 'data = Criptocurrencies/2''
I date=[2023-02-26 11:19:00] pid=#14944 message='AFTER  ; user_id = 1 ; new_state  = userTo'
I date=[2023-02-26 11:19:01] pid=#14944 message='BEFORE ; user_id = 1 ; from_state = userTo ; 'data = Currency/BTC/2''
I date=[2023-02-26 11:19:01] pid=#14944 message='AFTER  ; user_id = 1 ; new_state  = currency_amount'
I date=[2023-02-26 11:19:02] pid=#14944 message='BEFORE ; user_id = 1 ; from_state = currency_amount ; 'text = 123''
I date=[2023-02-26 11:19:03] pid=#14944 message='AFTER  ; user_id = 1 ; new_state  = conditions'
I date=[2023-02-26 11:19:03] pid=#14944 message='BEFORE ; user_id = 1 ; from_state = conditions ; 'text = sadf''
I date=[2023-02-26 11:19:04] pid=#14944 message='AFTER  ; user_id = 1 ; new_state  = confirmation_new_deal'
I date=[2023-02-26 11:23:32] pid=#14944 message='BEFORE ; user_id = 1 ; from_state = start ; 'text = 🤝Сделки🤝''
I date=[2023-02-26 11:23:32] pid=#14944 message='AFTER  ; user_id = 1 ; new_state  = deals_menu'
I date=[2023-02-26 11:23:34] pid=#14944 message='BEFORE ; user_id = 1 ; from_state = deals_menu ; 'text = Активные''
I date=[2023-02-26 11:23:36] pid=#14944 message='AFTER  ; user_id = 1 ; new_state  = deals_menu'
I date=[2023-02-26 11:23:41] pid=#14944 message='BEFORE ; user_id = 1 ; from_state = deals_menu ; 'data = Open_disput/7''
I date=[2023-02-26 11:23:42] pid=#14944 message='AFTER  ; user_id = 1 ; new_state  = await_disput_text'
I date=[2023-02-26 11:23:54] pid=#14944 message='BEFORE ; user_id = 1 ; from_state = await_disput_text ; 'text = фыва''
I date=[2023-02-26 11:23:55] pid=#14944 message='AFTER  ; user_id = 1 ; new_state  = deals_menu'
I date=[2023-02-26 11:36:26] pid=#15803 message='BEFORE ; user_id = 1 ; from_state = deals_menu ; 'text = Активные''
I date=[2023-02-26 11:36:27] pid=#15803 message='AFTER  ; user_id = 1 ; new_state  = deals_menu'
I date=[2023-02-26 11:36:32] pid=#15803 message='BEFORE ; user_id = 1 ; from_state = deals_menu ; 'text = Назад''
I date=[2023-02-26 11:36:33] pid=#15803 message='AFTER  ; user_id = 1 ; new_state  = start'
I date=[2023-02-26 11:36:35] pid=#15803 message='BEFORE ; user_id = 1 ; from_state = start ; 'text = 🔎Найти пользователя🔎''
I date=[2023-02-26 11:36:43] pid=#15803 message='AFTER  ; user_id = 1 ; new_state  = await_userTo_data'
I date=[2023-02-26 11:36:50] pid=#15803 message='BEFORE ; user_id = 1 ; from_state = await_userTo_data ; '''
I date=[2023-02-26 11:36:52] pid=#15803 message='AFTER  ; user_id = 1 ; new_state  = userTo'
I date=[2023-02-26 11:36:53] pid=#15803 message='BEFORE ; user_id = 1 ; from_state = userTo ; 'data = Offer_deal/2''
I date=[2023-02-26 11:36:54] pid=#15803 message='AFTER  ; user_id = 1 ; new_state  = userTo'
I date=[2023-02-26 11:36:55] pid=#15803 message='BEFORE ; user_id = 1 ; from_state = userTo ; 'data = I`m custumer/2''
I date=[2023-02-26 11:36:56] pid=#15803 message='AFTER  ; user_id = 1 ; new_state  = userTo'
I date=[2023-02-26 11:36:57] pid=#15803 message='BEFORE ; user_id = 1 ; from_state = userTo ; 'data = Criptocurrencies/2''
I date=[2023-02-26 11:36:57] pid=#15803 message='AFTER  ; user_id = 1 ; new_state  = userTo'
I date=[2023-02-26 11:36:58] pid=#15803 message='BEFORE ; user_id = 1 ; from_state = userTo ; 'data = Currency/BTC/2''
I date=[2023-02-26 11:36:59] pid=#15803 message='AFTER  ; user_id = 1 ; new_state  = currency_amount'
I date=[2023-02-26 11:37:00] pid=#15803 message='BEFORE ; user_id = 1 ; from_state = currency_amount ; 'text = 312''
I date=[2023-02-26 11:37:00] pid=#15803 message='AFTER  ; user_id = 1 ; new_state  = conditions'
I date=[2023-02-26 11:37:01] pid=#15803 message='BEFORE ; user_id = 1 ; from_state = conditions ; 'text = dfg''
I date=[2023-02-26 11:37:02] pid=#15803 message='AFTER  ; user_id = 1 ; new_state  = confirmation_new_deal'
I date=[2023-02-26 11:37:12] pid=#15803 message='BEFORE ; user_id = 1 ; from_state = confirmation_new_deal ; 'data = Confirming_new_deal/2''
E date=[2023-02-26 11:37:12] pid=#15803 message='ERR ; user_id = 1 undefined method `id' for true:TrueClass'
I date=[2023-02-26 11:40:03] pid=#16102 message='BEFORE ; user_id = 1 ; from_state = confirmation_new_deal ; 'data = Cancel_new_deal/2''
I date=[2023-02-26 11:40:04] pid=#16102 message='AFTER  ; user_id = 1 ; new_state  = userTo'
I date=[2023-02-26 11:40:13] pid=#16102 message='BEFORE ; user_id = 1 ; from_state = userTo ; 'data = Offer_deal/2''
I date=[2023-02-26 11:40:15] pid=#16102 message='AFTER  ; user_id = 1 ; new_state  = userTo'
I date=[2023-02-26 11:40:16] pid=#16102 message='BEFORE ; user_id = 1 ; from_state = userTo ; 'data = I`m custumer/2''
I date=[2023-02-26 11:40:17] pid=#16102 message='AFTER  ; user_id = 1 ; new_state  = userTo'
I date=[2023-02-26 11:40:17] pid=#16102 message='BEFORE ; user_id = 1 ; from_state = userTo ; 'data = Criptocurrencies/2''
I date=[2023-02-26 11:40:18] pid=#16102 message='AFTER  ; user_id = 1 ; new_state  = userTo'
I date=[2023-02-26 11:40:18] pid=#16102 message='BEFORE ; user_id = 1 ; from_state = userTo ; 'data = Currency/ETH/2''
I date=[2023-02-26 11:40:19] pid=#16102 message='AFTER  ; user_id = 1 ; new_state  = currency_amount'
I date=[2023-02-26 11:40:20] pid=#16102 message='BEFORE ; user_id = 1 ; from_state = currency_amount ; 'text = 132''
I date=[2023-02-26 11:40:20] pid=#16102 message='AFTER  ; user_id = 1 ; new_state  = conditions'
I date=[2023-02-26 11:40:21] pid=#16102 message='BEFORE ; user_id = 1 ; from_state = conditions ; 'text = gsdf''
I date=[2023-02-26 11:40:21] pid=#16102 message='AFTER  ; user_id = 1 ; new_state  = confirmation_new_deal'
I date=[2023-02-26 11:40:23] pid=#16102 message='BEFORE ; user_id = 1 ; from_state = confirmation_new_deal ; 'data = Confirming_new_deal/2''
E date=[2023-02-26 11:40:23] pid=#16102 message='ERR ; user_id = 1 undefined method `id' for true:TrueClass'
I date=[2023-02-26 11:44:16] pid=#16445 message='BEFORE ; user_id = 1 ; from_state = confirmation_new_deal ; 'data = Confirming_new_deal/2''
E date=[2023-02-26 11:44:16] pid=#16445 message='ERR ; user_id = 1 undefined method `id' for true:TrueClass'
I date=[2023-02-26 11:44:52] pid=#16545 message='BEFORE ; user_id = 1 ; from_state = confirmation_new_deal ; 'data = Confirming_new_deal/2''
E date=[2023-02-26 11:44:52] pid=#16545 message='ERR ; user_id = 1 undefined method `id' for true:TrueClass'
I date=[2023-02-26 11:46:37] pid=#16733 message='BEFORE ; user_id = 1 ; from_state = confirmation_new_deal ; 'data = Confirming_new_deal/2''
E date=[2023-02-26 11:46:37] pid=#16733 message='ERR ; user_id = 1 undefined method `id' for nil:NilClass'
I date=[2023-02-26 11:48:23] pid=#16868 message='BEFORE ; user_id = 1 ; from_state = confirmation_new_deal ; 'data = Confirming_new_deal/2''
E date=[2023-02-26 11:48:23] pid=#16868 message='ERR ; user_id = 1 undefined method `id' for true:TrueClass'
I date=[2023-02-26 11:51:28] pid=#17116 message='BEFORE ; user_id = 1 ; from_state = confirmation_new_deal ; 'data = Confirming_new_deal/2''
I date=[2023-02-26 11:52:18] pid=#17210 message='BEFORE ; user_id = 1 ; from_state = confirmation_new_deal ; 'data = Confirming_new_deal/2''
I date=[2023-02-26 11:54:28] pid=#17360 message='BEFORE ; user_id = 1 ; from_state = confirmation_new_deal ; 'data = Cancel_new_deal/2''
I date=[2023-02-26 11:54:29] pid=#17360 message='AFTER  ; user_id = 1 ; new_state  = userTo'
I date=[2023-02-26 11:54:36] pid=#17360 message='BEFORE ; user_id = 1 ; from_state = userTo ; 'data = Offer_deal/2''
I date=[2023-02-26 11:54:36] pid=#17360 message='AFTER  ; user_id = 1 ; new_state  = userTo'
I date=[2023-02-26 11:54:37] pid=#17360 message='BEFORE ; user_id = 1 ; from_state = userTo ; 'data = I`m custumer/2''
I date=[2023-02-26 11:54:38] pid=#17360 message='AFTER  ; user_id = 1 ; new_state  = userTo'
I date=[2023-02-26 11:54:39] pid=#17360 message='BEFORE ; user_id = 1 ; from_state = userTo ; 'data = Criptocurrencies/2''
I date=[2023-02-26 11:54:39] pid=#17360 message='AFTER  ; user_id = 1 ; new_state  = userTo'
I date=[2023-02-26 11:54:41] pid=#17360 message='BEFORE ; user_id = 1 ; from_state = userTo ; 'data = Currency/BTC/2''
I date=[2023-02-26 11:54:41] pid=#17360 message='AFTER  ; user_id = 1 ; new_state  = currency_amount'
I date=[2023-02-26 11:54:43] pid=#17360 message='BEFORE ; user_id = 1 ; from_state = currency_amount ; 'text = 213''
I date=[2023-02-26 11:54:44] pid=#17360 message='AFTER  ; user_id = 1 ; new_state  = conditions'
I date=[2023-02-26 11:54:46] pid=#17360 message='BEFORE ; user_id = 1 ; from_state = conditions ; 'text = fdsa''
I date=[2023-02-26 11:54:46] pid=#17360 message='AFTER  ; user_id = 1 ; new_state  = confirmation_new_deal'
I date=[2023-02-26 11:54:48] pid=#17360 message='BEFORE ; user_id = 1 ; from_state = confirmation_new_deal ; 'data = Confirming_new_deal/2''
I date=[2023-02-26 11:54:49] pid=#17360 message='AFTER  ; user_id = 1 ; new_state  = start'
I date=[2023-02-26 12:00:22] pid=#17601 message='BEFORE ; user_id = 1 ; from_state = start ; 'text = 🔎Найти пользователя🔎''
I date=[2023-02-26 12:00:23] pid=#17601 message='AFTER  ; user_id = 1 ; new_state  = await_userTo_data'
I date=[2023-02-26 12:00:28] pid=#17601 message='BEFORE ; user_id = 1 ; from_state = await_userTo_data ; '''
I date=[2023-02-26 12:00:29] pid=#17601 message='AFTER  ; user_id = 1 ; new_state  = userTo'
I date=[2023-02-26 12:00:30] pid=#17601 message='BEFORE ; user_id = 1 ; from_state = userTo ; 'data = Offer_deal/2''
I date=[2023-02-26 12:00:31] pid=#17601 message='AFTER  ; user_id = 1 ; new_state  = userTo'
I date=[2023-02-26 12:00:32] pid=#17601 message='BEFORE ; user_id = 1 ; from_state = userTo ; 'data = I`m custumer/2''
I date=[2023-02-26 12:00:33] pid=#17601 message='AFTER  ; user_id = 1 ; new_state  = userTo'
I date=[2023-02-26 12:00:34] pid=#17601 message='BEFORE ; user_id = 1 ; from_state = userTo ; 'data = Criptocurrencies/2''
I date=[2023-02-26 12:00:35] pid=#17601 message='AFTER  ; user_id = 1 ; new_state  = userTo'
I date=[2023-02-26 12:00:36] pid=#17601 message='BEFORE ; user_id = 1 ; from_state = userTo ; 'data = Currency/BTC/2''
I date=[2023-02-26 12:00:36] pid=#17601 message='AFTER  ; user_id = 1 ; new_state  = currency_amount'
I date=[2023-02-26 12:00:38] pid=#17601 message='BEFORE ; user_id = 1 ; from_state = currency_amount ; 'text = 123''
I date=[2023-02-26 12:00:39] pid=#17601 message='AFTER  ; user_id = 1 ; new_state  = conditions'
I date=[2023-02-26 12:00:40] pid=#17601 message='BEFORE ; user_id = 1 ; from_state = conditions ; 'text = sgdf''
I date=[2023-02-26 12:00:40] pid=#17601 message='AFTER  ; user_id = 1 ; new_state  = confirmation_new_deal'
I date=[2023-02-26 12:00:42] pid=#17601 message='BEFORE ; user_id = 1 ; from_state = confirmation_new_deal ; 'data = Confirming_new_deal/2''
I date=[2023-02-26 12:00:44] pid=#17601 message='AFTER  ; user_id = 1 ; new_state  = start'
