# Logfile created on 2023-05-12 18:32:04 +0200 by logger.rb/v1.5.3
I date=[2023-05-12 20:07:41] pid=#91345 message='BEFORE ; user_id = 1 ; from_state = moderate ; 'text = История споров''
I date=[2023-05-12 20:11:21] pid=#91904 message='BEFORE ; user_id = 1 ; from_state = moderate ; 'text = История споров''
I date=[2023-05-12 20:11:22] pid=#91904 message='AFTER  ; user_id = 1 ; new_state  = moderate'
I date=[2023-05-12 21:02:02] pid=#91904 message='BEFORE ; user_id = 1 ; from_state = moderate ; 'text = История споров''
I date=[2023-05-12 21:02:05] pid=#91904 message='AFTER  ; user_id = 1 ; new_state  = moderate'
I date=[2023-05-12 21:05:56] pid=#91904 message='BEFORE ; user_id = 1 ; from_state = moderate ; 'text = Открытые споры''
I date=[2023-05-12 21:05:57] pid=#91904 message='AFTER  ; user_id = 1 ; new_state  = moderate'
I date=[2023-05-12 21:05:58] pid=#91904 message='BEFORE ; user_id = 1 ; from_state = moderate ; 'text = Мои споры''
I date=[2023-05-12 21:05:59] pid=#91904 message='AFTER  ; user_id = 1 ; new_state  = moderate'
I date=[2023-05-12 21:06:04] pid=#91904 message='BEFORE ; user_id = 1 ; from_state = moderate ; 'text = История споров''
I date=[2023-05-12 21:06:12] pid=#91904 message='AFTER  ; user_id = 1 ; new_state  = moderate'
I date=[2023-05-12 21:11:47] pid=#102265 message='BEFORE ; user_id = 1 ; from_state = moderate ; 'text = Открытые споры''
I date=[2023-05-12 21:11:48] pid=#102265 message='AFTER  ; user_id = 1 ; new_state  = moderate'
I date=[2023-05-12 21:11:50] pid=#102265 message='BEFORE ; user_id = 1 ; from_state = moderate ; 'text = Мои споры''
I date=[2023-05-12 21:11:50] pid=#102265 message='AFTER  ; user_id = 1 ; new_state  = moderate'
I date=[2023-05-12 21:11:53] pid=#102265 message='BEFORE ; user_id = 1 ; from_state = moderate ; 'data = Accept/3''
I date=[2023-05-12 21:11:53] pid=#102265 message='{"1"=>"487"} dispute_id 3 ---> edited successfull'
I date=[2023-05-12 21:14:10] pid=#102582 message='BEFORE ; user_id = 1 ; from_state = moderate ; 'data = Accept/3''
I date=[2023-05-12 21:14:10] pid=#102582 message='AFTER  ; user_id = 1 ; new_state  = moderate'
I date=[2023-05-12 21:14:10] pid=#102582 message='BEFORE ; user_id = 1 ; from_state = moderate ; 'text = Мои споры''
I date=[2023-05-12 21:14:10] pid=#102582 message='AFTER  ; user_id = 1 ; new_state  = moderate'
I date=[2023-05-12 21:14:17] pid=#102582 message='BEFORE ; user_id = 1 ; from_state = moderate ; 'text = Мои споры''
I date=[2023-05-12 21:14:19] pid=#102582 message='AFTER  ; user_id = 1 ; new_state  = moderate'
I date=[2023-05-12 21:14:22] pid=#102582 message='BEFORE ; user_id = 1 ; from_state = moderate ; 'data = Accept/3''
I date=[2023-05-12 21:14:22] pid=#102582 message='AFTER  ; user_id = 1 ; new_state  = moderate'
I date=[2023-05-12 21:14:39] pid=#102582 message='BEFORE ; user_id = 1 ; from_state = moderate ; 'data = Accept/3''
I date=[2023-05-12 21:14:39] pid=#102582 message='AFTER  ; user_id = 1 ; new_state  = moderate'
I date=[2023-05-12 21:14:52] pid=#102582 message='BEFORE ; user_id = 1 ; from_state = moderate ; 'data = Decision/custumer_lost/3''
I date=[2023-05-12 21:14:53] pid=#102582 message='AFTER  ; user_id = 1 ; new_state  = comment'
I date=[2023-05-12 21:14:58] pid=#102582 message='BEFORE ; user_id = 1 ; from_state = comment ; 'text = yyyyyyyyyyyyyyyyyyyyyyyyyy''
I date=[2023-05-12 21:15:01] pid=#102582 message='AFTER  ; user_id = 1 ; new_state  = moderate'
I date=[2023-05-12 22:03:08] pid=#107268 message='BEFORE ; user_id = 1 ; from_state = moderate ; 'text = История споров''
I date=[2023-05-12 22:03:10] pid=#107268 message='AFTER  ; user_id = 1 ; new_state  = moderate'
I date=[2023-05-12 22:03:10] pid=#107268 message='BEFORE ; user_id = 1 ; from_state = moderate ; 'text = История споров''
I date=[2023-05-12 22:03:16] pid=#107268 message='AFTER  ; user_id = 1 ; new_state  = moderate'
I date=[2023-05-12 22:14:03] pid=#108853 message='BEFORE ; user_id = 1 ; from_state = moderate ; 'text = История споров''
I date=[2023-05-12 22:14:06] pid=#108853 message='AFTER  ; user_id = 1 ; new_state  = moderate'
