# Logfile created on 2023-05-10 22:08:12 +0200 by logger.rb/v1.5.3
I date=[2023-05-10 22:08:12] pid=#28604 message='user_id = 1 ; FROM_state = start ; text = /start'
I date=[2023-05-10 22:08:13] pid=#28604 message='user_id = 1 ; NEW_state  = start'
I date=[2023-05-10 22:08:17] pid=#28604 message='user_id = 1 ; FROM_state = start ; text = 📔 Статус поданных заявок'
I date=[2023-05-10 22:08:20] pid=#28604 message='user_id = 1 ; NEW_state  = start'
I date=[2023-05-10 22:12:36] pid=#28604 message='user_id = 1 ; FROM_state = start ; text = 📔 Статус поданных заявок'
I date=[2023-05-10 22:12:39] pid=#28604 message='user_id = 1 ; NEW_state  = start'
I date=[2023-05-10 22:12:40] pid=#28604 message='user_id = 1 ; FROM_state = start ; text = 📛 Статус аккаунта'
I date=[2023-05-10 22:12:41] pid=#28604 message='user_id = 1 ; NEW_state  = start'
I date=[2023-05-11 15:21:04] pid=#5083 message='user_id = 1 ; FROM_state = language ; text = /start'
I date=[2023-05-11 15:21:04] pid=#5083 message='user_id = 1 ; NEW_state  = language'
I date=[2023-05-11 15:21:06] pid=#5083 message='user_id = 1 ; FROM_state = language ; data = Ru/lg'
I date=[2023-05-11 15:21:07] pid=#5083 message='user_id = 1 ; NEW_state  = start'
I date=[2023-05-11 15:21:09] pid=#5083 message='user_id = 1 ; FROM_state = start ; text = 📛 Статус аккаунта'
I date=[2023-05-11 15:21:09] pid=#5083 message='user_id = 1 ; NEW_state  = start'
I date=[2023-05-11 15:21:10] pid=#5083 message='user_id = 1 ; FROM_state = start ; text = 📔 Статус поданных заявок'
I date=[2023-05-11 15:21:56] pid=#5927 message='user_id = 1 ; FROM_state = start ; text = 📔 Статус поданных заявок'
I date=[2023-05-11 15:21:57] pid=#5927 message='user_id = 1 ; NEW_state  = start'
I date=[2023-05-11 15:22:04] pid=#5927 message='user_id = 1 ; FROM_state = start ; text = ⚙️ Подать жалобу'
I date=[2023-05-11 15:22:05] pid=#5927 message='user_id = 1 ; NEW_state  = search_user'
I date=[2023-05-11 15:25:25] pid=#6202 message='user_id = 1 ; FROM_state = search_user ; '
I date=[2023-05-11 15:25:27] pid=#6202 message='user_id = 1 ; NEW_state  = verify_user_info'
I date=[2023-05-11 15:25:29] pid=#6202 message='user_id = 1 ; FROM_state = verify_user_info ; text = Подтвердить'
I date=[2023-05-11 15:25:29] pid=#6202 message='user_id = 1 ; NEW_state  = complaint_text'
I date=[2023-05-11 15:25:32] pid=#6202 message='user_id = 1 ; FROM_state = complaint_text ; text = asfd'
I date=[2023-05-11 15:25:33] pid=#6202 message='user_id = 1 ; NEW_state  = complaint_text'
I date=[2023-05-11 15:25:38] pid=#6202 message='user_id = 1 ; FROM_state = complaint_text ; text = asdffsadsdaffsdasfdaasfdsadffsdasfad'
I date=[2023-05-11 15:25:39] pid=#6202 message='user_id = 1 ; NEW_state  = complaint_photos'
I date=[2023-05-11 15:25:48] pid=#6202 message='user_id = 1 ; FROM_state = complaint_photos ; '
I date=[2023-05-11 15:25:50] pid=#6202 message='user_id = 1 ; NEW_state  = complaint_photos'
I date=[2023-05-11 15:25:53] pid=#6202 message='user_id = 1 ; FROM_state = complaint_photos ; text = Готово'
I date=[2023-05-11 15:25:54] pid=#6202 message='user_id = 1 ; NEW_state  = compare_user_id'
I date=[2023-05-11 15:26:00] pid=#6202 message='user_id = 1 ; FROM_state = compare_user_id ; text = Пропустить'
I date=[2023-05-11 15:26:07] pid=#6202 message='user_id = 1 ; NEW_state  = start'
I date=[2023-05-11 15:26:08] pid=#6202 message='user_id = 1 ; FROM_state = start ; text = 📔 Статус поданных заявок'
I date=[2023-05-11 15:26:09] pid=#6202 message='user_id = 1 ; NEW_state  = start'
I date=[2023-05-11 15:27:57] pid=#6202 message='user_id = 1 ; FROM_state = start ; text = 📔 Статус поданных заявок'
I date=[2023-05-11 15:27:58] pid=#6202 message='user_id = 1 ; NEW_state  = start'
I date=[2023-05-11 15:28:11] pid=#6202 message='user_id = 1 ; FROM_state = start ; text = ⚙️ Подать жалобу'
I date=[2023-05-11 15:28:12] pid=#6202 message='user_id = 1 ; NEW_state  = search_user'
I date=[2023-05-11 15:28:17] pid=#6202 message='user_id = 1 ; FROM_state = search_user ; '
I date=[2023-05-11 15:28:18] pid=#6202 message='user_id = 1 ; NEW_state  = verify_user_info'
I date=[2023-05-11 15:28:20] pid=#6202 message='user_id = 1 ; FROM_state = verify_user_info ; text = Подтвердить'
I date=[2023-05-11 15:28:21] pid=#6202 message='user_id = 1 ; NEW_state  = complaint_text'
I date=[2023-05-11 15:28:24] pid=#6202 message='user_id = 1 ; FROM_state = complaint_text ; text = vvvvvvvvvvvvvvvvvvvvvvvvvvvvvvvvvvv'
I date=[2023-05-11 15:28:25] pid=#6202 message='user_id = 1 ; NEW_state  = complaint_photos'
I date=[2023-05-11 15:28:26] pid=#6202 message='user_id = 1 ; FROM_state = complaint_photos ; text = Готово'
I date=[2023-05-11 15:28:27] pid=#6202 message='user_id = 1 ; NEW_state  = complaint_photos'
I date=[2023-05-11 15:28:33] pid=#6202 message='user_id = 1 ; FROM_state = complaint_photos ; '
I date=[2023-05-11 15:28:35] pid=#6202 message='user_id = 1 ; NEW_state  = complaint_photos'
I date=[2023-05-11 15:28:46] pid=#6202 message='user_id = 1 ; FROM_state = complaint_photos ; text = Готово'
I date=[2023-05-11 15:28:46] pid=#6202 message='user_id = 1 ; NEW_state  = compare_user_id'
I date=[2023-05-11 15:28:49] pid=#6202 message='user_id = 1 ; FROM_state = compare_user_id ; text = Пропустить'
I date=[2023-05-11 15:28:56] pid=#6202 message='user_id = 1 ; NEW_state  = start'
I date=[2023-05-11 15:29:32] pid=#6202 message='user_id = 1 ; FROM_state = start ; text = 📔 Статус поданных заявок'
I date=[2023-05-11 15:29:34] pid=#6202 message='user_id = 1 ; NEW_state  = start'
I date=[2023-05-11 15:29:55] pid=#6202 message='user_id = 2 ; FROM_state = language ; text = 😱Помощь😱'
I date=[2023-05-11 15:29:56] pid=#6202 message='user_id = 2 ; NEW_state  = language'
I date=[2023-05-11 15:29:58] pid=#6202 message='user_id = 2 ; FROM_state = language ; data = Ru/lg'
I date=[2023-05-11 15:29:58] pid=#6202 message='user_id = 2 ; NEW_state  = start'
I date=[2023-05-11 15:30:01] pid=#6202 message='user_id = 2 ; FROM_state = scamer ; text = 📛 Статус аккаунта'
I date=[2023-05-11 15:30:02] pid=#6202 message='user_id = 2 ; NEW_state  = scamer'
I date=[2023-05-11 15:30:04] pid=#6202 message='user_id = 2 ; FROM_state = scamer ; text = 📔 Статус поданных заявок'
I date=[2023-05-11 15:30:05] pid=#6202 message='user_id = 2 ; NEW_state  = scamer'
I date=[2023-05-11 15:30:06] pid=#6202 message='user_id = 2 ; FROM_state = scamer ; text = ⚙️ Подать жалобу'
I date=[2023-05-11 15:30:07] pid=#6202 message='user_id = 2 ; NEW_state  = scamer'
I date=[2023-05-11 15:30:10] pid=#6202 message='user_id = 2 ; FROM_state = scamer ; data = Оспорить_justification'
I date=[2023-05-11 15:30:11] pid=#6202 message='user_id = 2 ; NEW_state  = justification'
I date=[2023-05-11 15:30:15] pid=#6202 message='user_id = 2 ; FROM_state = justification ; text = ooooooooooooooooooooooooooooooooooo'
I date=[2023-05-11 15:30:16] pid=#6202 message='user_id = 2 ; NEW_state  = scamer'
I date=[2023-05-11 15:30:21] pid=#6202 message='user_id = 2 ; FROM_state = scamer ; text = 📛 Статус аккаунта'
I date=[2023-05-11 15:30:22] pid=#6202 message='user_id = 2 ; NEW_state  = scamer'
I date=[2023-05-11 15:30:24] pid=#6202 message='user_id = 2 ; FROM_state = scamer ; text = dsfgsdfg'
I date=[2023-05-11 15:30:25] pid=#6202 message='user_id = 2 ; NEW_state  = scamer'
I date=[2023-05-11 15:41:29] pid=#8183 message='user_id = 2 ; FROM_state = scamer ; text = 📛 Статус аккаунта'
I date=[2023-05-11 15:41:30] pid=#8183 message='user_id = 2 ; NEW_state  = scamer'
I date=[2023-05-11 15:42:55] pid=#8183 message='user_id = 2 ; FROM_state = scamer ; data = Оспорить_justification'
I date=[2023-05-11 15:42:56] pid=#8183 message='user_id = 2 ; NEW_state  = justification'
I date=[2023-05-11 15:43:03] pid=#8183 message='user_id = 2 ; FROM_state = justification ; text = зззззззззззззззззззззззззззззззззззззззззззззз'
I date=[2023-05-11 15:44:52] pid=#8183 message='user_id = 2 ; NEW_state  = scamer'
I date=[2023-05-11 15:46:32] pid=#8183 message='user_id = 2 ; FROM_state = scamer ; text = 📛 Статус аккаунта'
I date=[2023-05-11 15:46:34] pid=#8183 message='user_id = 2 ; NEW_state  = scamer'
I date=[2023-05-11 15:46:56] pid=#8183 message='user_id = 2 ; FROM_state = scamer ; text = 📛 Статус аккаунта'
I date=[2023-05-11 15:46:58] pid=#8183 message='user_id = 2 ; NEW_state  = scamer'
I date=[2023-05-11 15:47:01] pid=#8183 message='user_id = 2 ; FROM_state = scamer ; data = Оспорить_justification'
I date=[2023-05-11 15:47:02] pid=#8183 message='user_id = 2 ; NEW_state  = justification'
I date=[2023-05-11 15:47:09] pid=#8183 message='user_id = 2 ; FROM_state = justification ; text = qqqqqqqqqqqqqqqqqqqqqqqqqqqqqqqqqqqqqqqqqqqqq'
I date=[2023-05-11 15:48:41] pid=#8183 message='user_id = 2 ; NEW_state  = scamer'
I date=[2023-05-11 15:49:01] pid=#8183 message='user_id = 2 ; FROM_state = scamer ; text = 📛 Статус аккаунта'
I date=[2023-05-11 15:49:02] pid=#8183 message='user_id = 2 ; NEW_state  = scamer'
I date=[2023-05-11 15:49:08] pid=#8183 message='user_id = 2 ; FROM_state = scamer ; data = Оспорить_justification'
I date=[2023-05-11 15:49:09] pid=#8183 message='user_id = 2 ; NEW_state  = justification'
I date=[2023-05-11 15:49:15] pid=#8183 message='user_id = 2 ; FROM_state = justification ; text = dfsgsdgf'
I date=[2023-05-11 15:49:54] pid=#8183 message='user_id = 2 ; NEW_state  = scamer'
I date=[2023-05-11 15:50:11] pid=#8183 message='user_id = 2 ; FROM_state = scamer ; text = 📛 Статус аккаунта'
I date=[2023-05-11 15:50:12] pid=#8183 message='user_id = 2 ; NEW_state  = scamer'
I date=[2023-05-11 15:50:13] pid=#8183 message='user_id = 2 ; FROM_state = scamer ; data = Оспорить_justification'
I date=[2023-05-11 15:50:14] pid=#8183 message='user_id = 2 ; NEW_state  = justification'
I date=[2023-05-11 15:50:17] pid=#8183 message='user_id = 2 ; FROM_state = justification ; text = 111111111111111111111111111111111111111111'
I date=[2023-05-11 15:50:29] pid=#8183 message='user_id = 2 ; NEW_state  = scamer'
I date=[2023-05-11 15:51:10] pid=#8183 message='user_id = 2 ; FROM_state = scamer ; text = 📛 Статус аккаунта'
I date=[2023-05-11 15:51:10] pid=#8183 message='user_id = 2 ; NEW_state  = scamer'
I date=[2023-05-11 15:51:12] pid=#8183 message='user_id = 2 ; FROM_state = scamer ; data = Оспорить_justification'
I date=[2023-05-11 15:51:13] pid=#8183 message='user_id = 2 ; NEW_state  = justification'
I date=[2023-05-11 15:51:16] pid=#8183 message='user_id = 2 ; FROM_state = justification ; text = qqqqqqqqqqqqqqqqqqqqqqqqqqqqqqqqqq'
I date=[2023-05-11 15:51:34] pid=#8183 message='user_id = 2 ; NEW_state  = scamer'
I date=[2023-05-11 15:52:52] pid=#8183 message='user_id = 2 ; FROM_state = scamer ; text = 📛 Статус аккаунта'
I date=[2023-05-11 15:52:53] pid=#8183 message='user_id = 2 ; NEW_state  = scamer'
I date=[2023-05-11 15:52:55] pid=#8183 message='user_id = 2 ; FROM_state = scamer ; data = Оспорить_justification'
I date=[2023-05-11 15:52:56] pid=#8183 message='user_id = 2 ; NEW_state  = justification'
I date=[2023-05-11 15:53:00] pid=#8183 message='user_id = 2 ; FROM_state = justification ; text = 1111111111111111111111111'
I date=[2023-05-11 15:54:04] pid=#9948 message='user_id = 2 ; FROM_state = justification ; text = 1111111111111111111111111'
I date=[2023-05-11 15:54:25] pid=#10034 message='user_id = 2 ; FROM_state = justification ; text = 1111111111111111111111111'
I date=[2023-05-11 15:57:30] pid=#10473 message='user_id = 2 ; FROM_state = justification ; text = 1111111111111111111111111'
I date=[2023-05-11 15:57:42] pid=#10473 message='user_id = 2 ; NEW_state  = scamer'
I date=[2023-05-11 15:57:43] pid=#10473 message='user_id = 2 ; FROM_state = scamer ; text = 📛 Статус аккаунта'
I date=[2023-05-11 15:57:43] pid=#10473 message='user_id = 2 ; NEW_state  = scamer'
I date=[2023-05-11 16:00:31] pid=#11216 message='user_id = 2 ; FROM_state = scamer ; text = 📛 Статус аккаунта'
I date=[2023-05-11 16:00:32] pid=#11216 message='user_id = 2 ; NEW_state  = scamer'
I date=[2023-05-11 16:00:37] pid=#11216 message='user_id = 2 ; FROM_state = scamer ; data = Оспорить_justification'
I date=[2023-05-11 16:00:37] pid=#11216 message='user_id = 2 ; NEW_state  = justification'
I date=[2023-05-11 16:00:44] pid=#11216 message='user_id = 2 ; FROM_state = justification ; text = 11111111111111111111111111111111111111111111'
I date=[2023-05-11 16:00:46] pid=#11216 message='user_id = 2 ; NEW_state  = scamer'
I date=[2023-05-11 16:27:56] pid=#15823 message='user_id = 2 ; FROM_state = start ; text = 📛 Статус аккаунта'
I date=[2023-05-11 16:27:57] pid=#15823 message='user_id = 2 ; NEW_state  = start'
I date=[2023-05-11 16:27:59] pid=#15823 message='user_id = 2 ; FROM_state = start ; text = 📔 Статус поданных заявок'
I date=[2023-05-11 16:28:00] pid=#15823 message='user_id = 2 ; NEW_state  = start'
I date=[2023-05-11 16:28:01] pid=#15823 message='user_id = 2 ; FROM_state = start ; text = ⚙️ Подать жалобу'
I date=[2023-05-11 16:28:01] pid=#15823 message='user_id = 2 ; NEW_state  = search_user'
I date=[2023-05-11 16:28:02] pid=#15823 message='user_id = 2 ; FROM_state = search_user ; text = Отмена'
I date=[2023-05-11 16:28:03] pid=#15823 message='user_id = 2 ; NEW_state  = start'
I date=[2023-05-11 16:28:25] pid=#15823 message='user_id = 1 ; FROM_state = start ; text = 📔 Статус поданных заявок'
I date=[2023-05-11 16:28:26] pid=#15823 message='user_id = 1 ; NEW_state  = start'
I date=[2023-05-11 16:28:34] pid=#15823 message='user_id = 1 ; FROM_state = start ; text = ⚙️ Подать жалобу'
I date=[2023-05-11 16:28:35] pid=#15823 message='user_id = 1 ; NEW_state  = search_user'
I date=[2023-05-11 16:28:42] pid=#15823 message='user_id = 1 ; FROM_state = search_user ; '
I date=[2023-05-11 16:28:43] pid=#15823 message='user_id = 1 ; NEW_state  = verify_user_info'
I date=[2023-05-11 16:28:45] pid=#15823 message='user_id = 1 ; FROM_state = verify_user_info ; text = Подтвердить'
I date=[2023-05-11 16:28:45] pid=#15823 message='user_id = 1 ; NEW_state  = complaint_text'
I date=[2023-05-11 16:28:55] pid=#15823 message='user_id = 1 ; FROM_state = complaint_text ; '
I date=[2023-05-11 16:29:08] pid=#15823 message='user_id = 1 ; FROM_state = complaint_text ; text = ffffffffffffffffffffffffffffffffffffffffffffffffffffffffffffffffffffffffff'
I date=[2023-05-11 16:29:09] pid=#15823 message='user_id = 1 ; NEW_state  = complaint_photos'
I date=[2023-05-11 16:29:15] pid=#15823 message='user_id = 1 ; FROM_state = complaint_photos ; '
I date=[2023-05-11 16:29:17] pid=#15823 message='user_id = 1 ; NEW_state  = complaint_photos'
I date=[2023-05-11 16:29:20] pid=#15823 message='user_id = 1 ; FROM_state = complaint_photos ; text = Готово'
I date=[2023-05-11 16:29:21] pid=#15823 message='user_id = 1 ; NEW_state  = compare_user_id'
I date=[2023-05-11 16:29:26] pid=#15823 message='user_id = 1 ; FROM_state = compare_user_id ; text = Пропустить'
I date=[2023-05-11 16:29:33] pid=#15823 message='user_id = 1 ; NEW_state  = start'
I date=[2023-05-11 16:29:50] pid=#15823 message='user_id = 2 ; FROM_state = scamer ; text = 📛 Статус аккаунта'
I date=[2023-05-11 16:29:51] pid=#15823 message='user_id = 2 ; NEW_state  = scamer'
I date=[2023-05-11 16:29:53] pid=#15823 message='user_id = 2 ; FROM_state = scamer ; data = Оспорить_justification'
I date=[2023-05-11 16:29:54] pid=#15823 message='user_id = 2 ; NEW_state  = justification'
I date=[2023-05-11 16:29:59] pid=#15823 message='user_id = 2 ; FROM_state = justification ; text = tttttttttttttttttttttttttttttttttttttttttttt'
I date=[2023-05-11 16:30:00] pid=#15823 message='user_id = 2 ; NEW_state  = scamer'
I date=[2023-05-11 16:31:07] pid=#16115 message='user_id = 2 ; FROM_state = scamer ; text = 📛 Статус аккаунта'
I date=[2023-05-11 16:31:10] pid=#16115 message='user_id = 2 ; NEW_state  = scamer'
I date=[2023-05-11 16:31:11] pid=#16115 message='user_id = 2 ; FROM_state = scamer ; data = Оспорить_justification'
I date=[2023-05-11 16:31:12] pid=#16115 message='user_id = 2 ; NEW_state  = justification'
I date=[2023-05-11 16:31:15] pid=#16115 message='user_id = 2 ; FROM_state = justification ; text = jjjjjjjjjjjjjjjjjjjjjjjjjjjjjjjjjjjjjjjjjjjjjjjjjjjjjjjjjjjjjjjjjj'
I date=[2023-05-11 16:31:33] pid=#16115 message='user_id = 2 ; NEW_state  = scamer'
I date=[2023-05-11 16:32:03] pid=#16280 message='user_id = 2 ; FROM_state = scamer ; text = 📛 Статус аккаунта'
I date=[2023-05-11 16:32:04] pid=#16280 message='user_id = 2 ; NEW_state  = scamer'
I date=[2023-05-11 16:32:07] pid=#16280 message='user_id = 2 ; FROM_state = scamer ; data = Оспорить_justification'
I date=[2023-05-11 16:32:08] pid=#16280 message='user_id = 2 ; NEW_state  = justification'
I date=[2023-05-11 16:32:10] pid=#16280 message='user_id = 2 ; FROM_state = justification ; text = 6666666666666666666666'
I date=[2023-05-11 16:32:43] pid=#16280 message='user_id = 2 ; NEW_state  = scamer'
I date=[2023-05-11 16:34:41] pid=#16691 message='user_id = 2 ; FROM_state = scamer ; text = 📛 Статус аккаунта'
I date=[2023-05-11 16:34:42] pid=#16691 message='user_id = 2 ; NEW_state  = scamer'
I date=[2023-05-11 16:34:46] pid=#16691 message='user_id = 2 ; FROM_state = scamer ; data = Оспорить_justification'
I date=[2023-05-11 16:34:47] pid=#16691 message='user_id = 2 ; NEW_state  = justification'
I date=[2023-05-11 16:34:48] pid=#16691 message='user_id = 2 ; FROM_state = justification ; text = 3333333333333333333'
I date=[2023-05-11 16:36:49] pid=#17067 message='user_id = 1 ; FROM_state = start ; text = ⚙️ Подать жалобу'
I date=[2023-05-11 16:36:50] pid=#17067 message='user_id = 1 ; NEW_state  = search_user'
I date=[2023-05-11 16:36:54] pid=#17067 message='user_id = 1 ; FROM_state = search_user ; '
I date=[2023-05-11 16:36:55] pid=#17067 message='user_id = 1 ; NEW_state  = verify_user_info'
I date=[2023-05-11 16:36:57] pid=#17067 message='user_id = 1 ; FROM_state = verify_user_info ; text = Подтвердить'
I date=[2023-05-11 16:36:57] pid=#17067 message='user_id = 1 ; NEW_state  = complaint_text'
I date=[2023-05-11 16:37:00] pid=#17067 message='user_id = 1 ; FROM_state = complaint_text ; text = 111111111111111111111111111111111111111'
I date=[2023-05-11 16:37:01] pid=#17067 message='user_id = 1 ; NEW_state  = complaint_photos'
I date=[2023-05-11 16:37:06] pid=#17067 message='user_id = 1 ; FROM_state = complaint_photos ; '
I date=[2023-05-11 16:37:08] pid=#17067 message='user_id = 1 ; NEW_state  = complaint_photos'
I date=[2023-05-11 16:37:09] pid=#17067 message='user_id = 1 ; FROM_state = complaint_photos ; text = Готово'
I date=[2023-05-11 16:37:10] pid=#17067 message='user_id = 1 ; NEW_state  = compare_user_id'
I date=[2023-05-11 16:37:13] pid=#17067 message='user_id = 1 ; FROM_state = compare_user_id ; text = Пропустить'
I date=[2023-05-11 16:37:20] pid=#17067 message='user_id = 1 ; NEW_state  = start'
I date=[2023-05-11 16:46:55] pid=#17508 message='user_id = 2 ; FROM_state = start ; text = 📔 Статус поданных заявок'
I date=[2023-05-11 16:46:56] pid=#17508 message='user_id = 2 ; NEW_state  = start'
I date=[2023-05-11 16:46:57] pid=#17508 message='user_id = 2 ; FROM_state = start ; text = 📛 Статус аккаунта'
I date=[2023-05-11 16:46:58] pid=#17508 message='user_id = 2 ; NEW_state  = start'
I date=[2023-05-11 16:47:00] pid=#17508 message='user_id = 2 ; FROM_state = start ; text = ⚙️ Подать жалобу'
I date=[2023-05-11 16:47:00] pid=#17508 message='user_id = 2 ; NEW_state  = search_user'
I date=[2023-05-11 16:47:04] pid=#17508 message='user_id = 2 ; FROM_state = scamer ; text = Отмена'
I date=[2023-05-11 16:47:04] pid=#17508 message='user_id = 2 ; NEW_state  = scamer'
I date=[2023-05-11 16:47:12] pid=#17508 message='user_id = 2 ; FROM_state = scamer ; text = Отмена'
I date=[2023-05-11 16:47:12] pid=#17508 message='user_id = 2 ; NEW_state  = scamer'
I date=[2023-05-12 21:24:45] pid=#103890 message='user_id = 1 ; FROM_state = start ; text = /start'
I date=[2023-05-12 21:24:46] pid=#103890 message='user_id = 1 ; NEW_state  = start'
I date=[2023-05-12 21:24:48] pid=#103890 message='user_id = 1 ; FROM_state = start ; text = ⚙️ Подать жалобу'
I date=[2023-05-12 21:24:49] pid=#103890 message='user_id = 1 ; NEW_state  = search_user'
I date=[2023-05-12 21:24:50] pid=#103890 message='user_id = 1 ; FROM_state = search_user ; text = Отмена'
I date=[2023-05-12 21:24:51] pid=#103890 message='user_id = 1 ; NEW_state  = start'
I date=[2023-05-12 21:24:51] pid=#103890 message='user_id = 1 ; FROM_state = start ; text = 📛 Статус аккаунта'
I date=[2023-05-12 21:24:52] pid=#103890 message='user_id = 1 ; NEW_state  = start'
I date=[2023-05-12 21:24:53] pid=#103890 message='user_id = 1 ; FROM_state = start ; text = 📔 Статус поданных заявок'
I date=[2023-05-12 21:24:55] pid=#103890 message='user_id = 1 ; NEW_state  = start'
I date=[2023-05-12 21:59:22] pid=#103890 message='user_id = 1 ; FROM_state = start ; text = 📛 Статус аккаунта'
I date=[2023-05-12 21:59:23] pid=#103890 message='user_id = 1 ; NEW_state  = start'
